2024-10-20 20:42:31,795 [INFO] Activator:176 - 


2024-10-20 20:42:31,796 [INFO] Activator:177 - !SESSION log4j initialized
2024-10-20 20:42:34,838 [INFO] LogOutputStream:77 - [STDOUT_REDIRECT] 
2024-10-20 20:42:36,228 [INFO] ApplicationProperties:184 - Using Application install path: C:\ST\STM32CubeIDE_1.14.0\STM32CubeIDE\plugins\com.st.stm32cube.common.mx_6.10.0.202311202037
2024-10-20 20:42:36,241 [INFO] DbMcusXml:78 - Set database path to: C:\ST\STM32CubeIDE_1.14.0\STM32CubeIDE\plugins\com.st.stm32cube.common.mx_6.10.0.202311202037\\db\/mcu/
2024-10-20 20:42:36,241 [INFO] ApiDb:274 - Set plugin database path to: C:\ST\STM32CubeIDE_1.14.0\STM32CubeIDE\plugins\com.st.stm32cube.common.mx_6.10.0.202311202037\\db\/plugins/boardmanager/
2024-10-20 20:42:36,242 [WARN] ApiDb:259 - Overriding images path with different value:  => C:\ST\STM32CubeIDE_1.14.0\STM32CubeIDE\plugins\com.st.stm32cube.common.mx_6.10.0.202311202037\\db\/plugins/mcufinder/images/
2024-10-20 20:42:36,246 [INFO] ApiDb:250 - Set database path to: C:\Users\Chris\.stmcufinder\plugins\mcufinder//mcu/
2024-10-20 20:42:36,247 [INFO] DbMcusAds:125 - Set database path to: C:\Users\Chris\.stmcufinder\plugins\mcufinder//mcu/
2024-10-20 20:42:36,249 [INFO] CrossReferenceDbSqlite:203 - Set database path to: C:\Users\Chris\.stmcufinder\plugins\mcufinder//mcu/cs/
2024-10-20 20:42:36,328 [INFO] RulesReader:64 - Compatibility file has been processed (297 Rules)
2024-10-20 20:42:36,393 [INFO] DbMcusXml:78 - Set database path to: C:\ST\STM32CubeIDE_1.14.0\STM32CubeIDE\plugins\com.st.stm32cube.common.mx_6.10.0.202311202037\\db\/mcu/
2024-10-20 20:42:36,394 [INFO] ApiDb:274 - Set plugin database path to: C:\ST\STM32CubeIDE_1.14.0\STM32CubeIDE\plugins\com.st.stm32cube.common.mx_6.10.0.202311202037\\db\/plugins/boardmanager/
2024-10-20 20:42:36,394 [INFO] ApiDb:261 - Set plugin images path to: C:\ST\STM32CubeIDE_1.14.0\STM32CubeIDE\plugins\com.st.stm32cube.common.mx_6.10.0.202311202037\\db\/plugins/mcufinder/images/
2024-10-20 20:42:36,394 [WARN] DbFile:41 - Overriding database path with different value: C:\Users\Chris\.stmcufinder\plugins\mcufinder/ => C:\Users\Chris\.stmcufinder\plugins\mcufinder
2024-10-20 20:42:36,394 [INFO] ApiDb:250 - Set database path to: C:\Users\Chris\.stmcufinder\plugins\mcufinder//mcu/
2024-10-20 20:42:36,394 [WARN] DbFile:41 - Overriding database path with different value: C:\Users\Chris\.stmcufinder\plugins\mcufinder/ => C:\Users\Chris\.stmcufinder\plugins\mcufinder
2024-10-20 20:42:36,394 [INFO] DbMcusAds:125 - Set database path to: C:\Users\Chris\.stmcufinder\plugins\mcufinder//mcu/
2024-10-20 20:42:36,394 [WARN] DbFile:41 - Overriding database path with different value: C:\Users\Chris\.stmcufinder\plugins\mcufinder/ => C:\Users\Chris\.stmcufinder\plugins\mcufinder
2024-10-20 20:42:36,394 [WARN] DbFile:41 - Overriding database path with different value: C:\Users\Chris\.stmcufinder\plugins\mcufinder/ => C:\Users\Chris\.stmcufinder\plugins\mcufinder
2024-10-20 20:42:36,394 [INFO] CrossReferenceDbSqlite:203 - Set database path to: C:\Users\Chris\.stmcufinder\plugins\mcufinder//mcu/cs/
2024-10-20 20:42:36,444 [INFO] MainPanel:264 - HeapMemory: 268435456
2024-10-20 20:42:36,486 [INFO] DbMcusXml:78 - Set database path to: C:\ST\STM32CubeIDE_1.14.0\STM32CubeIDE\plugins\com.st.stm32cube.common.mx_6.10.0.202311202037\\db\/mcu/
2024-10-20 20:42:36,487 [INFO] ApiDb:274 - Set plugin database path to: C:\ST\STM32CubeIDE_1.14.0\STM32CubeIDE\plugins\com.st.stm32cube.common.mx_6.10.0.202311202037\\db\/plugins/boardmanager/
2024-10-20 20:42:36,487 [INFO] ApiDb:261 - Set plugin images path to: C:\ST\STM32CubeIDE_1.14.0\STM32CubeIDE\plugins\com.st.stm32cube.common.mx_6.10.0.202311202037\\db\/plugins/mcufinder/images/
2024-10-20 20:42:36,487 [WARN] DbFile:41 - Overriding database path with different value: C:\Users\Chris\.stmcufinder\plugins\mcufinder/ => C:\Users\Chris\.stmcufinder\plugins\mcufinder
2024-10-20 20:42:36,487 [INFO] ApiDb:250 - Set database path to: C:\Users\Chris\.stmcufinder\plugins\mcufinder//mcu/
2024-10-20 20:42:36,487 [WARN] DbFile:41 - Overriding database path with different value: C:\Users\Chris\.stmcufinder\plugins\mcufinder/ => C:\Users\Chris\.stmcufinder\plugins\mcufinder
2024-10-20 20:42:36,487 [INFO] DbMcusAds:125 - Set database path to: C:\Users\Chris\.stmcufinder\plugins\mcufinder//mcu/
2024-10-20 20:42:36,487 [WARN] DbFile:41 - Overriding database path with different value: C:\Users\Chris\.stmcufinder\plugins\mcufinder/ => C:\Users\Chris\.stmcufinder\plugins\mcufinder
2024-10-20 20:42:36,487 [WARN] DbFile:41 - Overriding database path with different value: C:\Users\Chris\.stmcufinder\plugins\mcufinder/ => C:\Users\Chris\.stmcufinder\plugins\mcufinder
2024-10-20 20:42:36,487 [INFO] CrossReferenceDbSqlite:203 - Set database path to: C:\Users\Chris\.stmcufinder\plugins\mcufinder//mcu/cs/
2024-10-20 20:42:36,498 [INFO] ApplicationProperties:184 - Using Application install path: C:\ST\STM32CubeIDE_1.14.0\STM32CubeIDE\plugins\com.st.stm32cube.common.mx_6.10.0.202311202037
2024-10-20 20:42:36,499 [INFO] PluginManage:196 - Search for loadable plugins [exclusion list=, ]
2024-10-20 20:42:36,500 [INFO] PluginManage:310 - Check plugin analytics
2024-10-20 20:42:36,638 [INFO] AnalyticsPlugin:253 - Accepted Software Licenses: 
2024-10-20 20:42:36,638 [INFO] AnalyticsPlugin:255 - Accepted CMSIS Pack Licenses: 
2024-10-20 20:42:36,638 [INFO] AnalyticsPlugin:257 - Accepted Firmware Licenses: FW.F7.1.17.0,FW.F4.1.28.0,FW.H7.1.11.0,FW.G0.1.6.0
2024-10-20 20:42:36,641 [INFO] PluginManage:359 - Loaded plugin analytics (category:tool,tabindex:-1)
2024-10-20 20:42:36,642 [INFO] PluginManage:310 - Check plugin cadmodel
2024-10-20 20:42:36,645 [INFO] CADModel:105 - Init CAD model plugin
2024-10-20 20:42:36,645 [INFO] PluginManage:359 - Loaded plugin cadmodel (category:power,tabindex:5)
2024-10-20 20:42:36,646 [INFO] PluginManage:310 - Check plugin clock
2024-10-20 20:42:36,654 [INFO] PluginManage:359 - Loaded plugin clock (category:base,tabindex:2)
2024-10-20 20:42:36,654 [INFO] PluginManage:310 - Check plugin ddr
2024-10-20 20:42:36,658 [INFO] PluginManage:359 - Loaded plugin ddr (category:tool,tabindex:6)
2024-10-20 20:42:36,658 [INFO] PluginManage:310 - Check plugin filemanager
2024-10-20 20:42:36,762 [INFO] PluginManage:359 - Loaded plugin filemanager (category:base,tabindex:10)
2024-10-20 20:42:36,762 [INFO] PluginManage:310 - Check plugin ipmanager
2024-10-20 20:42:36,768 [INFO] PluginManage:359 - Loaded plugin ipmanager (category:base,tabindex:5)
2024-10-20 20:42:36,768 [INFO] PluginManage:310 - Check plugin lpbam
2024-10-20 20:42:36,774 [INFO] PluginManage:359 - Loaded plugin lpbam (category:base,tabindex:0)
2024-10-20 20:42:36,774 [INFO] PluginManage:310 - Check plugin memorymap
2024-10-20 20:42:36,782 [INFO] PluginManage:359 - Loaded plugin memorymap (category:base,tabindex:4)
2024-10-20 20:42:36,782 [INFO] PluginManage:310 - Check plugin pinoutandconfiguration
2024-10-20 20:42:36,788 [INFO] PluginManage:359 - Loaded plugin pinoutandconfiguration (category:base,tabindex:1)
2024-10-20 20:42:36,788 [INFO] PluginManage:310 - Check plugin pinoutconfig
2024-10-20 20:42:36,877 [WARN] SupportedApi:132 - Cannot load RTOS API schema: s4s-elt-must-match.1: The content of 'definitions' must match (annotation?, (simpleType | complexType)?, (unique | key | keyref)*)). A problem was found starting at: attribute.
2024-10-20 20:42:36,967 [INFO] PluginManage:359 - Loaded plugin pinoutconfig (category:base,tabindex:0)
2024-10-20 20:42:36,967 [INFO] PluginManage:310 - Check plugin power
2024-10-20 20:42:36,977 [INFO] PluginManage:359 - Loaded plugin power (category:power,tabindex:4)
2024-10-20 20:42:36,977 [INFO] PluginManage:310 - Check plugin projectmanager
2024-10-20 20:42:36,992 [INFO] PluginManage:359 - Loaded plugin projectmanager (category:projectmanager,tabindex:3)
2024-10-20 20:42:36,992 [INFO] PluginManage:310 - Check plugin thirdparty
2024-10-20 20:42:37,087 [WARN] IntegrityCheckThread:84 - waiting for thirdparty lock release [integrity check]
2024-10-20 20:42:37,088 [INFO] IntegrityCheckThread:86 - entering critical section [integrity check]
2024-10-20 20:42:37,088 [INFO] PluginManage:359 - Loaded plugin thirdparty (category:base,tabindex:-1)
2024-10-20 20:42:37,088 [INFO] ThirdPartyUpdaterWithRetryManager:70 - Updater plugin not ready yet. [1/15]
2024-10-20 20:42:37,088 [INFO] PluginManage:310 - Check plugin tools
2024-10-20 20:42:37,091 [INFO] PluginManage:359 - Loaded plugin tools (category:base,tabindex:7)
2024-10-20 20:42:37,091 [INFO] PluginManage:310 - Check plugin tutovideos
2024-10-20 20:42:37,193 [INFO] PluginManage:359 - Loaded plugin tutovideos (category:base,tabindex:-1)
2024-10-20 20:42:37,193 [INFO] PluginManage:310 - Check plugin updater
2024-10-20 20:42:37,200 [INFO] PluginManage:359 - Loaded plugin updater (category:base,tabindex:12)
2024-10-20 20:42:37,200 [INFO] PluginManage:310 - Check plugin userauth
2024-10-20 20:42:37,203 [INFO] UserAuth:114 - Init User Auth plugin
2024-10-20 20:42:37,203 [INFO] PluginManage:359 - Loaded plugin userauth (category:base,tabindex:14)
2024-10-20 20:42:37,204 [INFO] PluginManage:283 - PluginManage : Loaded plugins [17]
2024-10-20 20:42:37,345 [INFO] PinOutPanel:1499 - setPackage(No Configuration,No Configuration)
2024-10-20 20:42:37,393 [INFO] CADModel:165 - CPN selected for project level
2024-10-20 20:42:37,393 [INFO] CADModel:114 - Register for checkConnection events
2024-10-20 20:42:37,405 [INFO] IPUIPlugin:80 - create IPUIPlugin
2024-10-20 20:42:37,405 [INFO] PluginManager:220 - loadIPPluginJar : add adc
2024-10-20 20:42:37,406 [INFO] IPUIPlugin:80 - create IPUIPlugin
2024-10-20 20:42:37,406 [INFO] PluginManager:220 - loadIPPluginJar : add aes
2024-10-20 20:42:37,408 [INFO] IPUIPlugin:80 - create IPUIPlugin
2024-10-20 20:42:37,408 [INFO] PluginManager:220 - loadIPPluginJar : add can
2024-10-20 20:42:37,409 [INFO] IPUIPlugin:80 - create IPUIPlugin
2024-10-20 20:42:37,409 [INFO] PluginManager:220 - loadIPPluginJar : add comp
2024-10-20 20:42:37,411 [INFO] IPUIPlugin:80 - create IPUIPlugin
2024-10-20 20:42:37,411 [INFO] PluginManager:220 - loadIPPluginJar : add cryp
2024-10-20 20:42:37,412 [INFO] IPUIPlugin:80 - create IPUIPlugin
2024-10-20 20:42:37,412 [INFO] PluginManager:220 - loadIPPluginJar : add dfsdm
2024-10-20 20:42:37,415 [INFO] IPUIPlugin:80 - create IPUIPlugin
2024-10-20 20:42:37,416 [INFO] PluginManager:220 - loadIPPluginJar : add dma
2024-10-20 20:42:37,417 [INFO] IPUIPlugin:80 - create IPUIPlugin
2024-10-20 20:42:37,417 [INFO] PluginManager:220 - loadIPPluginJar : add dma3
2024-10-20 20:42:37,418 [INFO] IPUIPlugin:80 - create IPUIPlugin
2024-10-20 20:42:37,418 [INFO] PluginManager:220 - loadIPPluginJar : add fatfs
2024-10-20 20:42:37,421 [INFO] IPUIPlugin:80 - create IPUIPlugin
2024-10-20 20:42:37,421 [INFO] PluginManager:220 - loadIPPluginJar : add fmc
2024-10-20 20:42:37,424 [INFO] IPUIPlugin:80 - create IPUIPlugin
2024-10-20 20:42:37,424 [INFO] PluginManager:220 - loadIPPluginJar : add freertos
2024-10-20 20:42:37,425 [INFO] IPUIPlugin:80 - create IPUIPlugin
2024-10-20 20:42:37,425 [INFO] PluginManager:220 - loadIPPluginJar : add genericplugin
2024-10-20 20:42:37,426 [INFO] IPUIPlugin:80 - create IPUIPlugin
2024-10-20 20:42:37,426 [INFO] PluginManager:220 - loadIPPluginJar : add gfxmmu
2024-10-20 20:42:37,430 [INFO] IPUIPlugin:80 - create IPUIPlugin
2024-10-20 20:42:37,430 [INFO] PluginManager:220 - loadIPPluginJar : add gic
2024-10-20 20:42:37,432 [INFO] IPUIPlugin:80 - create IPUIPlugin
2024-10-20 20:42:37,433 [INFO] PluginManager:220 - loadIPPluginJar : add gpio
2024-10-20 20:42:37,434 [INFO] IPUIPlugin:80 - create IPUIPlugin
2024-10-20 20:42:37,434 [INFO] PluginManager:220 - loadIPPluginJar : add gtzc
2024-10-20 20:42:37,436 [INFO] IPUIPlugin:80 - create IPUIPlugin
2024-10-20 20:42:37,436 [INFO] PluginManager:220 - loadIPPluginJar : add hash
2024-10-20 20:42:37,437 [INFO] IPUIPlugin:80 - create IPUIPlugin
2024-10-20 20:42:37,437 [INFO] PluginManager:220 - loadIPPluginJar : add i2c
2024-10-20 20:42:37,438 [INFO] IPUIPlugin:80 - create IPUIPlugin
2024-10-20 20:42:37,438 [INFO] PluginManager:220 - loadIPPluginJar : add i2s
2024-10-20 20:42:37,440 [INFO] IPUIPlugin:80 - create IPUIPlugin
2024-10-20 20:42:37,440 [INFO] PluginManager:220 - loadIPPluginJar : add i3c
2024-10-20 20:42:37,442 [INFO] IPUIPlugin:80 - create IPUIPlugin
2024-10-20 20:42:37,442 [INFO] PluginManager:220 - loadIPPluginJar : add ipddr
2024-10-20 20:42:37,447 [INFO] IPUIPlugin:80 - create IPUIPlugin
2024-10-20 20:42:37,447 [INFO] PluginManager:220 - loadIPPluginJar : add linkedlist
2024-10-20 20:42:37,449 [INFO] IPUIPlugin:80 - create IPUIPlugin
2024-10-20 20:42:37,449 [INFO] PluginManager:220 - loadIPPluginJar : add lorawan
2024-10-20 20:42:37,450 [INFO] IPUIPlugin:80 - create IPUIPlugin
2024-10-20 20:42:37,450 [INFO] PluginManager:220 - loadIPPluginJar : add ltdc
2024-10-20 20:42:37,454 [INFO] IPUIPlugin:80 - create IPUIPlugin
2024-10-20 20:42:37,454 [INFO] PluginManager:220 - loadIPPluginJar : add mdma
2024-10-20 20:42:37,458 [INFO] IPUIPlugin:80 - create IPUIPlugin
2024-10-20 20:42:37,458 [INFO] PluginManager:220 - loadIPPluginJar : add nvic
2024-10-20 20:42:37,460 [INFO] IPUIPlugin:80 - create IPUIPlugin
2024-10-20 20:42:37,460 [INFO] PluginManager:220 - loadIPPluginJar : add opamp
2024-10-20 20:42:37,462 [INFO] IPUIPlugin:80 - create IPUIPlugin
2024-10-20 20:42:37,462 [INFO] PluginManager:220 - loadIPPluginJar : add openamp
2024-10-20 20:42:37,464 [INFO] IPUIPlugin:80 - create IPUIPlugin
2024-10-20 20:42:37,464 [INFO] PluginManager:220 - loadIPPluginJar : add pdm2pcm
2024-10-20 20:42:37,468 [INFO] IPUIPlugin:80 - create IPUIPlugin
2024-10-20 20:42:37,472 [INFO] PluginManager:220 - loadIPPluginJar : add plateformsettings
2024-10-20 20:42:37,473 [INFO] IPUIPlugin:80 - create IPUIPlugin
2024-10-20 20:42:37,473 [INFO] PluginManager:220 - loadIPPluginJar : add quadspi
2024-10-20 20:42:37,475 [INFO] IPUIPlugin:80 - create IPUIPlugin
2024-10-20 20:42:37,475 [INFO] PluginManager:220 - loadIPPluginJar : add resmgrutility
2024-10-20 20:42:37,477 [INFO] IPUIPlugin:80 - create IPUIPlugin
2024-10-20 20:42:37,477 [INFO] PluginManager:220 - loadIPPluginJar : add sai
2024-10-20 20:42:37,479 [INFO] IPUIPlugin:80 - create IPUIPlugin
2024-10-20 20:42:37,479 [INFO] PluginManager:220 - loadIPPluginJar : add spi
2024-10-20 20:42:37,482 [INFO] IPUIPlugin:80 - create IPUIPlugin
2024-10-20 20:42:37,482 [INFO] PluginManager:220 - loadIPPluginJar : add stm32_wpan
2024-10-20 20:42:37,483 [INFO] IPUIPlugin:80 - create IPUIPlugin
2024-10-20 20:42:37,483 [INFO] PluginManager:220 - loadIPPluginJar : add tim
2024-10-20 20:42:37,485 [INFO] IPUIPlugin:80 - create IPUIPlugin
2024-10-20 20:42:37,485 [INFO] PluginManager:220 - loadIPPluginJar : add touchsensing
2024-10-20 20:42:37,486 [INFO] IPUIPlugin:80 - create IPUIPlugin
2024-10-20 20:42:37,486 [INFO] PluginManager:220 - loadIPPluginJar : add tracer_emb
2024-10-20 20:42:37,487 [INFO] IPUIPlugin:80 - create IPUIPlugin
2024-10-20 20:42:37,487 [INFO] PluginManager:220 - loadIPPluginJar : add ts
2024-10-20 20:42:37,488 [INFO] IPUIPlugin:80 - create IPUIPlugin
2024-10-20 20:42:37,488 [INFO] PluginManager:220 - loadIPPluginJar : add tsc
2024-10-20 20:42:37,489 [INFO] IPUIPlugin:80 - create IPUIPlugin
2024-10-20 20:42:37,489 [INFO] PluginManager:220 - loadIPPluginJar : add ucpd
2024-10-20 20:42:37,490 [INFO] IPUIPlugin:80 - create IPUIPlugin
2024-10-20 20:42:37,490 [INFO] PluginManager:220 - loadIPPluginJar : add usart
2024-10-20 20:42:37,492 [INFO] IPUIPlugin:80 - create IPUIPlugin
2024-10-20 20:42:37,492 [INFO] PluginManager:220 - loadIPPluginJar : add usbx
2024-10-20 20:42:37,606 [INFO] CADModel:165 - CPN selected for project level
2024-10-20 20:42:37,606 [INFO] CADModel:114 - Register for checkConnection events
2024-10-20 20:42:37,606 [FATAL] Updater:308 - Updater called before beeing initialized
2024-10-20 20:42:37,607 [ERROR] CADModel:125 - Updater not yet initialized, retry later 
2024-10-20 20:42:37,692 [INFO] CADModel:165 - CPN selected for project level
2024-10-20 20:42:37,692 [INFO] CADModel:114 - Register for checkConnection events
2024-10-20 20:42:37,692 [FATAL] Updater:308 - Updater called before beeing initialized
2024-10-20 20:42:37,692 [ERROR] CADModel:125 - Updater not yet initialized, retry later 
2024-10-20 20:42:37,694 [FATAL] Updater:308 - Updater called before beeing initialized
2024-10-20 20:42:37,776 [FATAL] Updater:308 - Updater called before beeing initialized
2024-10-20 20:42:37,782 [INFO] DbMcusAds:53 - JSON generation date=Fri Sep 20 07:04:38 CST 2024 (1726837478367)
2024-10-20 20:42:37,782 [FATAL] Updater:308 - Updater called before beeing initialized
2024-10-20 20:42:37,812 [WARN] DetailPanel:346 - Failed to get advertising image, set to default
2024-10-20 20:42:37,870 [FATAL] Updater:308 - Updater called before beeing initialized
2024-10-20 20:42:37,871 [FATAL] Updater:308 - Updater called before beeing initialized
2024-10-20 20:42:37,872 [FATAL] Updater:308 - Updater called before beeing initialized
2024-10-20 20:42:37,872 [WARN] DetailPanel:346 - Failed to get advertising image, set to default
2024-10-20 20:42:37,872 [FATAL] Updater:308 - Updater called before beeing initialized
2024-10-20 20:42:37,906 [ERROR] Updater:1120 - MainUpdater not yet initialized. External WinMGr cannot be set.
2024-10-20 20:42:37,909 [INFO] Updater:1056 - Updater Version found : 6.10.0
2024-10-20 20:42:37,922 [INFO] ApplicationProperties:184 - Using Application install path: C:\ST\STM32CubeIDE_1.14.0\STM32CubeIDE\plugins\com.st.stm32cube.common.mx_6.10.0.202311202037
2024-10-20 20:42:39,490 [ERROR] LogOutputStream:75 - [STDERR_REDIRECT] Oct 20, 2024 8:42:39 PM java.util.prefs.WindowsPreferences <init>
2024-10-20 20:42:39,491 [ERROR] LogOutputStream:75 - [STDERR_REDIRECT] WARNING: Could not open/create prefs root node Software\JavaSoft\Prefs at root 0xffffffff80000002. Windows RegCreateKeyEx(...) returned error code 5.
2024-10-20 20:42:39,491 [ERROR] LogOutputStream:75 - [STDERR_REDIRECT] 
2024-10-20 20:42:39,720 [INFO] MainUpdater:2873 - connection check result : 10
2024-10-20 20:42:39,721 [INFO] MainUpdater:290 - Updater Check For Update Now.
2024-10-20 20:42:39,721 [INFO] MicroXplorer:498 - Change Database Version : DB.6.0.100
2024-10-20 20:42:39,738 [INFO] McuFinderGlobals:63 - Set McuFinder mode to 2 (CubeIDE integrated)
2024-10-20 20:42:39,914 [INFO] CheckServerUpdateThread:120 - End of CheckServer Thread
2024-10-20 20:42:40,092 [INFO] UserAuth:404 - Internet connection configuration mode: 1
2024-10-20 20:42:40,100 [INFO] JxBrowserEngine:152 - Initiate JxBrowser Engine with user profile folder
2024-10-20 20:42:40,233 [WARN] PackLoader:240 - Cannot read IP mode file for STMicroelectronics.FP-SNS-MOTENVWB1.1.4.0
2024-10-20 20:42:40,248 [WARN] PackLoader:240 - Cannot read IP mode file for STMicroelectronics.X-CUBE-SMBUS.2.1.0
2024-10-20 20:42:40,258 [WARN] PackLoader:240 - Cannot read IP mode file for STMicroelectronics.X-CUBE-WB05N.1.1.0
2024-10-20 20:42:40,266 [WARN] PackLoader:240 - Cannot read IP mode file for STMicroelectronics.X-CUBE-TOUCHGFX.4.23.1
2024-10-20 20:42:40,269 [WARN] PackLoader:240 - Cannot read IP mode file for STMicroelectronics.X-CUBE-TOUCHGFX.4.23.0
2024-10-20 20:42:40,271 [WARN] PackLoader:240 - Cannot read IP mode file for STMicroelectronics.X-CUBE-TOUCHGFX.4.23.2
2024-10-20 20:42:40,294 [WARN] PackLoader:240 - Cannot read IP mode file for STMicroelectronics.X-CUBE-AZRTOS-F7.1.1.0
2024-10-20 20:42:40,302 [WARN] PackLoader:240 - Cannot read IP mode file for STMicroelectronics.FP-SNS-MOTENV1.4.3.2
2024-10-20 20:42:40,353 [WARN] PackLoader:240 - Cannot read IP mode file for STMicroelectronics.X-CUBE-MEMS1.11.0.0
2024-10-20 20:42:40,472 [WARN] PackLoader:240 - Cannot read IP mode file for STMicroelectronics.FP-SNS-FLIGHT1.5.0.2
2024-10-20 20:42:40,480 [WARN] PackLoader:240 - Cannot read IP mode file for STMicroelectronics.X-CUBE-DISPLAY.3.0.0
2024-10-20 20:42:40,489 [WARN] PackLoader:240 - Cannot read IP mode file for STMicroelectronics.X-CUBE-BLE1.7.0.0
2024-10-20 20:42:40,496 [WARN] PackLoader:240 - Cannot read IP mode file for STMicroelectronics.X-CUBE-NFC10.1.0.0
2024-10-20 20:42:40,501 [WARN] PackLoader:240 - Cannot read IP mode file for emotas.I-CUBE-CANOPEN.1.3.0
2024-10-20 20:42:40,508 [WARN] PackLoader:240 - Cannot read IP mode file for STMicroelectronics.X-CUBE-BLEMGR.3.1.0
2024-10-20 20:42:40,513 [WARN] PackLoader:240 - Cannot read IP mode file for STMicroelectronics.FP-SNS-SMARTAG2.1.2.0
2024-10-20 20:42:40,518 [INFO] LogOutputStream:77 - [STDOUT_REDIRECT] 1 : Invalid condition id : UX_CORESTACK_Condition cause : null
2024-10-20 20:42:40,519 [INFO] LogOutputStream:77 - [STDOUT_REDIRECT] 1 : Invalid condition id : UX_CORESTACK_Condition cause : null
2024-10-20 20:42:40,520 [INFO] LogOutputStream:77 - [STDOUT_REDIRECT] 1 : Invalid condition id : UX_CORESTACK_Condition cause : null
2024-10-20 20:42:40,520 [INFO] LogOutputStream:77 - [STDOUT_REDIRECT] 1 : Invalid condition id : UX_CORESTACK_Condition cause : null
2024-10-20 20:42:40,521 [INFO] LogOutputStream:77 - [STDOUT_REDIRECT] 1 : Invalid condition id : UX_CORESTACK_Condition cause : null
2024-10-20 20:42:40,522 [WARN] PackLoader:240 - Cannot read IP mode file for STMicroelectronics.X-CUBE-AZRTOS-WL.2.0.0
2024-10-20 20:42:40,525 [WARN] PackLoader:240 - Cannot read IP mode file for STMicroelectronics.FP-SNS-MOTENV1.5.0.0
2024-10-20 20:42:40,530 [WARN] PackLoader:240 - Cannot read IP mode file for wolfSSL.I-CUBE-wolfMQTT.1.19.0
2024-10-20 20:42:40,536 [WARN] PackLoader:240 - Cannot read IP mode file for WES.I-CUBE-Cesium.1.3.0
2024-10-20 20:42:40,540 [WARN] PackLoader:240 - Cannot read IP mode file for STMicroelectronics.X-CUBE-BLE2.3.3.0
2024-10-20 20:42:40,544 [WARN] PackLoader:240 - Cannot read IP mode file for STMicroelectronics.X-CUBE-NFC9.1.0.0
2024-10-20 20:42:40,548 [WARN] PackLoader:240 - Cannot read IP mode file for STMicroelectronics.X-CUBE-TCPP.4.1.0
2024-10-20 20:42:40,554 [WARN] PackLoader:240 - Cannot read IP mode file for STMicroelectronics.X-CUBE-ALGOBUILD.1.3.0
2024-10-20 20:42:40,564 [WARN] PackLoader:240 - Cannot read IP mode file for STMicroelectronics.X-CUBE-AZRTOS-G0.1.1.0
2024-10-20 20:42:40,579 [WARN] PackLoader:240 - Cannot read IP mode file for STMicroelectronics.X-CUBE-SAFEA1.1.2.2
2024-10-20 20:42:40,587 [WARN] PackLoader:240 - Cannot read IP mode file for STMicroelectronics.X-CUBE-NFC4.3.0.0
2024-10-20 20:42:40,591 [WARN] PackLoader:240 - Cannot read IP mode file for wolfSSL.I-CUBE-wolfMQTT.1.18.0
2024-10-20 20:42:40,601 [WARN] PackLoader:240 - Cannot read IP mode file for EmbeddedOffice.I-CUBE-FS-RTOS.1.0.1
2024-10-20 20:42:40,601 [ERROR] ConditionMgr:805 - Attr not supported : Dmpu
2024-10-20 20:42:40,602 [ERROR] ConditionMgr:805 - Attr not supported : Dmpu
2024-10-20 20:42:40,602 [ERROR] ConditionMgr:805 - Attr not supported : Dmpu
2024-10-20 20:42:40,602 [ERROR] ConditionMgr:805 - Attr not supported : Dmpu
2024-10-20 20:42:40,602 [ERROR] ConditionMgr:805 - Attr not supported : Dmpu
2024-10-20 20:42:40,602 [ERROR] ConditionMgr:805 - Attr not supported : Dmpu
2024-10-20 20:42:40,602 [ERROR] ConditionMgr:805 - Attr not supported : Dmpu
2024-10-20 20:42:40,602 [ERROR] ConditionMgr:805 - Attr not supported : Dmpu
2024-10-20 20:42:40,602 [ERROR] ConditionMgr:805 - Attr not supported : Dmpu
2024-10-20 20:42:40,602 [ERROR] ConditionMgr:805 - Attr not supported : Dmpu
2024-10-20 20:42:40,602 [ERROR] ConditionMgr:805 - Attr not supported : Dmpu
2024-10-20 20:42:40,602 [ERROR] ConditionMgr:805 - Attr not supported : Dmpu
2024-10-20 20:42:40,603 [ERROR] ConditionMgr:805 - Attr not supported : Dmpu
2024-10-20 20:42:40,603 [ERROR] ConditionMgr:805 - Attr not supported : Dmpu
2024-10-20 20:42:40,603 [ERROR] ConditionMgr:805 - Attr not supported : Dmpu
2024-10-20 20:42:40,603 [ERROR] ConditionMgr:805 - Attr not supported : Dmpu
2024-10-20 20:42:40,603 [ERROR] ConditionMgr:805 - Attr not supported : Dmpu
2024-10-20 20:42:40,603 [ERROR] ConditionMgr:805 - Attr not supported : Dmpu
2024-10-20 20:42:40,603 [ERROR] ConditionMgr:805 - Attr not supported : Dmpu
2024-10-20 20:42:40,603 [ERROR] ConditionMgr:805 - Attr not supported : Dmpu
2024-10-20 20:42:40,603 [ERROR] ConditionMgr:805 - Attr not supported : Dmpu
2024-10-20 20:42:40,603 [ERROR] ConditionMgr:805 - Attr not supported : Dmpu
2024-10-20 20:42:40,604 [ERROR] ConditionMgr:805 - Attr not supported : Dmpu
2024-10-20 20:42:40,606 [ERROR] ConditionMgr:805 - Attr not supported : Dmpu
2024-10-20 20:42:40,611 [ERROR] ConditionMgr:805 - Attr not supported : Dmpu
2024-10-20 20:42:40,613 [ERROR] ConditionMgr:805 - Attr not supported : Dmpu
2024-10-20 20:42:40,614 [ERROR] ConditionMgr:805 - Attr not supported : Dmpu
2024-10-20 20:42:40,615 [ERROR] ConditionMgr:805 - Attr not supported : Dmpu
2024-10-20 20:42:40,615 [ERROR] ConditionMgr:805 - Attr not supported : Dmpu
2024-10-20 20:42:40,615 [ERROR] ConditionMgr:805 - Attr not supported : Dmpu
2024-10-20 20:42:40,615 [ERROR] ConditionMgr:805 - Attr not supported : Dmpu
2024-10-20 20:42:40,615 [ERROR] ConditionMgr:805 - Attr not supported : Dmpu
2024-10-20 20:42:40,615 [ERROR] ConditionMgr:805 - Attr not supported : Dmpu
2024-10-20 20:42:40,615 [ERROR] ConditionMgr:805 - Attr not supported : Dmpu
2024-10-20 20:42:40,615 [ERROR] ConditionMgr:805 - Attr not supported : Dmpu
2024-10-20 20:42:40,615 [ERROR] ConditionMgr:805 - Attr not supported : Dmpu
2024-10-20 20:42:40,616 [ERROR] ConditionMgr:805 - Attr not supported : Dmpu
2024-10-20 20:42:40,616 [ERROR] ConditionMgr:805 - Attr not supported : Dmpu
2024-10-20 20:42:40,616 [ERROR] ConditionMgr:805 - Attr not supported : Dmpu
2024-10-20 20:42:40,617 [ERROR] ConditionMgr:805 - Attr not supported : Dmpu
2024-10-20 20:42:40,617 [ERROR] ConditionMgr:805 - Attr not supported : Dmpu
2024-10-20 20:42:40,617 [ERROR] ConditionMgr:805 - Attr not supported : Dmpu
2024-10-20 20:42:40,617 [ERROR] ConditionMgr:805 - Attr not supported : Dmpu
2024-10-20 20:42:40,617 [ERROR] ConditionMgr:805 - Attr not supported : Dmpu
2024-10-20 20:42:40,617 [ERROR] ConditionMgr:805 - Attr not supported : Dmpu
2024-10-20 20:42:40,617 [ERROR] ConditionMgr:805 - Attr not supported : Dmpu
2024-10-20 20:42:40,617 [ERROR] ConditionMgr:805 - Attr not supported : Dmpu
2024-10-20 20:42:40,617 [ERROR] ConditionMgr:805 - Attr not supported : Dmpu
2024-10-20 20:42:40,618 [ERROR] ConditionMgr:805 - Attr not supported : Dmpu
2024-10-20 20:42:40,618 [ERROR] ConditionMgr:805 - Attr not supported : Dmpu
2024-10-20 20:42:40,618 [ERROR] ConditionMgr:805 - Attr not supported : Dmpu
2024-10-20 20:42:40,618 [ERROR] ConditionMgr:805 - Attr not supported : Dmpu
2024-10-20 20:42:40,618 [ERROR] ConditionMgr:805 - Attr not supported : Dmpu
2024-10-20 20:42:40,618 [ERROR] ConditionMgr:805 - Attr not supported : Dmpu
2024-10-20 20:42:40,618 [ERROR] ConditionMgr:805 - Attr not supported : Dmpu
2024-10-20 20:42:40,618 [ERROR] ConditionMgr:805 - Attr not supported : Dmpu
2024-10-20 20:42:40,618 [ERROR] ConditionMgr:805 - Attr not supported : Dmpu
2024-10-20 20:42:40,619 [ERROR] ConditionMgr:805 - Attr not supported : Dmpu
2024-10-20 20:42:40,619 [ERROR] ConditionMgr:805 - Attr not supported : Dmpu
2024-10-20 20:42:40,619 [ERROR] ConditionMgr:805 - Attr not supported : Dmpu
2024-10-20 20:42:40,619 [ERROR] ConditionMgr:805 - Attr not supported : Dmpu
2024-10-20 20:42:40,619 [ERROR] ConditionMgr:805 - Attr not supported : Dmpu
2024-10-20 20:42:40,619 [ERROR] ConditionMgr:805 - Attr not supported : Dmpu
2024-10-20 20:42:40,619 [ERROR] ConditionMgr:805 - Attr not supported : Dmpu
2024-10-20 20:42:40,625 [WARN] PackLoader:240 - Cannot read IP mode file for STMicroelectronics.X-CUBE-BLEMGR.3.0.0
2024-10-20 20:42:40,634 [WARN] PackLoader:240 - Cannot read IP mode file for RealThread.X-CUBE-RT-Thread_Nano.4.1.1
2024-10-20 20:42:40,642 [WARN] PackLoader:240 - Cannot read IP mode file for STMicroelectronics.FP-ATR-SIGFOX1.3.2.0
2024-10-20 20:42:40,648 [WARN] PackLoader:240 - Cannot read IP mode file for STMicroelectronics.X-CUBE-EEPRMA1.5.1.0
2024-10-20 20:42:40,672 [WARN] PackLoader:240 - Cannot read IP mode file for SEGGER.I-CUBE-embOS.1.3.1
2024-10-20 20:42:40,702 [WARN] PackLoader:240 - Cannot read IP mode file for STMicroelectronics.X-CUBE-ALGOBUILD.1.4.0
2024-10-20 20:42:40,707 [WARN] PackLoader:240 - Cannot read IP mode file for STMicroelectronics.X-CUBE-AI.9.1.0
2024-10-20 20:42:40,712 [WARN] PackLoader:240 - Cannot read IP mode file for STMicroelectronics.X-CUBE-GNSS1.6.0.0
2024-10-20 20:42:40,725 [WARN] PackLoader:240 - Cannot read IP mode file for STMicroelectronics.X-CUBE-AZRTOS-F4.1.1.0
2024-10-20 20:42:40,730 [WARN] PackLoader:240 - Cannot read IP mode file for STMicroelectronics.X-CUBE-ISPU.2.1.0
2024-10-20 20:42:40,734 [WARN] PackLoader:240 - Cannot read IP mode file for STMicroelectronics.X-CUBE-FREERTOS.1.2.0
2024-10-20 20:42:40,738 [WARN] PackLoader:240 - Cannot read IP mode file for wolfSSL.I-CUBE-wolfSSL.5.6.6
2024-10-20 20:42:40,749 [WARN] PackLoader:240 - Cannot read IP mode file for STMicroelectronics.X-CUBE-AZRTOS-L5.2.0.0
2024-10-20 20:42:40,754 [WARN] PackLoader:240 - Cannot read IP mode file for STMicroelectronics.X-CUBE-EEPRMA1.4.2.0
2024-10-20 20:42:40,760 [WARN] PackLoader:240 - Cannot read IP mode file for STMicroelectronics.X-CUBE-NFC6.3.1.0
2024-10-20 20:42:40,767 [WARN] PackLoader:240 - Cannot read IP mode file for ITTIA_DB.I-CUBE-ITTIADB.8.8.0
2024-10-20 20:42:40,771 [WARN] PackLoader:240 - Cannot read IP mode file for STMicroelectronics.X-CUBE-DPower.1.2.0
2024-10-20 20:42:40,776 [WARN] PackLoader:240 - Cannot read IP mode file for STMicroelectronics.X-CUBE-AI.9.0.0
2024-10-20 20:42:40,784 [WARN] PackLoader:240 - Cannot read IP mode file for STMicroelectronics.X-CUBE-NFC7.1.0.1
2024-10-20 20:42:40,789 [WARN] PackLoader:240 - Cannot read IP mode file for STMicroelectronics.X-CUBE-NFC6.3.0.0
2024-10-20 20:42:40,794 [WARN] PackLoader:240 - Cannot read IP mode file for STMicroelectronics.X-CUBE-AI.8.1.0
2024-10-20 20:42:40,807 [WARN] ConditionMgr:438 - getConditionDescription Invalid condition id : LAN8742 Phy interface Condition cause : null
2024-10-20 20:42:40,807 [WARN] PackLoader:240 - Cannot read IP mode file for STMicroelectronics.X-CUBE-AZRTOS-L4.2.0.0
2024-10-20 20:42:40,808 [WARN] ConditionMgr:1039 - genDependencies : Invalid condition id : LAN8742 Phy interface Condition cause : null
2024-10-20 20:42:40,808 [WARN] ConditionMgr:1039 - genDependencies : Invalid condition id : LAN8742 Phy interface Condition cause : null
2024-10-20 20:42:40,809 [WARN] ConditionMgr:1039 - genDependencies : Invalid condition id : LAN8742 Phy interface Condition cause : null
2024-10-20 20:42:40,814 [WARN] PackLoader:240 - Cannot read IP mode file for STMicroelectronics.X-CUBE-SFXS2LP1.4.0.0
2024-10-20 20:42:40,829 [WARN] PackLoader:240 - Cannot read IP mode file for STMicroelectronics.X-CUBE-AZRTOS-H7.3.3.0
2024-10-20 20:42:40,839 [WARN] PackLoader:240 - Cannot read IP mode file for STMicroelectronics.X-CUBE-IPS.3.0.0
2024-10-20 20:42:40,851 [WARN] ConditionMgr:438 - getConditionDescription Invalid condition id : UX DEVICE CLASS RTOS Condition cause : null
2024-10-20 20:42:40,852 [WARN] ConditionMgr:438 - getConditionDescription Invalid condition id : UX DEVICE CLASS RTOS Condition cause : null
2024-10-20 20:42:40,854 [WARN] PackLoader:240 - Cannot read IP mode file for STMicroelectronics.X-CUBE-AZRTOS-WB.2.0.0
2024-10-20 20:42:40,854 [WARN] ConditionMgr:1039 - genDependencies : Invalid condition id : UX DEVICE CLASS RTOS Condition cause : null
2024-10-20 20:42:40,855 [WARN] ConditionMgr:1039 - genDependencies : Invalid condition id : UX DEVICE CLASS RTOS Condition cause : null
2024-10-20 20:42:40,855 [WARN] ConditionMgr:1039 - genDependencies : Invalid condition id : UX DEVICE CLASS RTOS Condition cause : null
2024-10-20 20:42:40,855 [WARN] ConditionMgr:1039 - genDependencies : Invalid condition id : UX DEVICE CLASS RTOS Condition cause : null
2024-10-20 20:42:40,856 [WARN] ConditionMgr:1039 - genDependencies : Invalid condition id : UX DEVICE CLASS RTOS Condition cause : null
2024-10-20 20:42:40,862 [WARN] PackLoader:240 - Cannot read IP mode file for STMicroelectronics.X-CUBE-GNSS1.7.0.0
2024-10-20 20:42:40,869 [WARN] PackLoader:240 - Cannot read IP mode file for STMicroelectronics.FP-SNS-STBOX1.2.0.0
2024-10-20 20:42:40,878 [WARN] PackLoader:240 - Cannot read IP mode file for STMicroelectronics.X-CUBE-SUBG2.5.0.0
2024-10-20 20:42:40,885 [WARN] PackLoader:240 - Cannot read IP mode file for Cesanta.I-CUBE-Mongoose.7.13.0
2024-10-20 20:42:40,895 [WARN] PackLoader:240 - Cannot read IP mode file for STMicroelectronics.X-CUBE-AZRTOS-G4.2.0.0
2024-10-20 20:42:40,904 [WARN] PackLoader:240 - Cannot read IP mode file for Infineon.AIROC-Wi-Fi-Bluetooth-STM32.1.5.1
2024-10-20 20:42:40,910 [WARN] PackLoader:240 - Cannot read IP mode file for STMicroelectronics.FP-SNS-MOTENVWB1.1.3.1
2024-10-20 20:42:40,915 [WARN] PackLoader:240 - Cannot read IP mode file for STMicroelectronics.X-CUBE-ISPU.2.0.0
2024-10-20 20:42:40,918 [WARN] PackLoader:240 - Cannot read IP mode file for STMicroelectronics.X-CUBE-ALS.1.0.2
2024-10-20 20:42:40,940 [WARN] PackLoader:240 - Cannot read IP mode file for STMicroelectronics.X-CUBE-MEMS1.10.0.0
2024-10-20 20:42:41,029 [WARN] PackLoader:240 - Cannot read IP mode file for STMicroelectronics.X-CUBE-FREERTOS.1.1.0
2024-10-20 20:42:41,032 [WARN] PackLoader:240 - Cannot read IP mode file for STMicroelectronics.X-CUBE-TOUCHGFX.4.24.0
2024-10-20 20:42:41,034 [WARN] PackLoader:240 - Cannot read IP mode file for STMicroelectronics.X-CUBE-TOUCHGFX.4.24.1
2024-10-20 20:42:41,037 [WARN] PackLoader:240 - Cannot read IP mode file for wolfSSL.I-CUBE-wolfTPM.3.4.0
2024-10-20 20:42:41,042 [WARN] PackLoader:240 - Cannot read IP mode file for portGmbH.I-Cube-SoM-uGOAL.1.1.0
2024-10-20 20:42:41,046 [WARN] PackLoader:240 - Cannot read IP mode file for STMicroelectronics.X-CUBE-ALS.1.0.1
2024-10-20 20:42:41,056 [WARN] PackLoader:240 - Cannot read IP mode file for STMicroelectronics.X-CUBE-AZRTOS-H7RS.1.0.0
2024-10-20 20:42:41,061 [WARN] PackLoader:240 - Cannot read IP mode file for STMicroelectronics.FP-ATR-ASTRA1.2.0.0
2024-10-20 20:42:41,066 [WARN] PackLoader:240 - Cannot read IP mode file for STMicroelectronics.X-CUBE-TOF1.3.4.2
2024-10-20 20:42:41,074 [WARN] PackLoader:240 - Cannot read IP mode file for STMicroelectronics.X-CUBE-TOF1.3.4.0
2024-10-20 20:42:41,087 [WARN] PackLoader:240 - Cannot read IP mode file for STMicroelectronics.X-CUBE-TOF1.3.4.1
2024-10-20 20:42:41,105 [WARN] PackLoader:240 - Cannot read IP mode file for STMicroelectronics.X-CUBE-AZRTOS-H7.3.2.0
2024-10-20 20:42:41,110 [WARN] PackLoader:240 - Cannot read IP mode file for wolfSSL.I-CUBE-wolfSSH.1.4.17
2024-10-20 20:42:41,111 [INFO] ThirdParty:978 - Integrity check success = true
2024-10-20 20:42:41,111 [INFO] IntegrityCheckThread:100 - exiting critical section [integrity check]
2024-10-20 20:42:41,111 [INFO] IntegrityCheckThread:103 - End integrity checks thread
2024-10-20 20:42:41,209 [INFO] WebApp:161 - Instantiating new browser for Auth
2024-10-20 20:42:41,890 [INFO] WebApp:780 - Register for checkConnection events
2024-10-20 20:42:41,890 [INFO] WebApp:414 - Apply proxy settings
2024-10-20 20:42:41,891 [INFO] WebApp:499 - Chromium requires no authentication
2024-10-20 20:42:41,895 [INFO] WebApp:442 - Direct internet connection detected
2024-10-20 20:42:41,994 [INFO] WebApp:192 - Starting web application
2024-10-20 20:42:41,994 [INFO] WebApp:544 - Web application path used C:\ST\STM32CubeIDE_1.14.0\STM32CubeIDE\plugins\com.st.stm32cube.common.mx_6.10.0.202311202037\db\plugins\mcufinder\reactClient1\index.html
2024-10-20 20:43:02,551 [ERROR] LogOutputStream:75 - [STDERR_REDIRECT] SLF4J: Failed to load class "org.slf4j.impl.StaticLoggerBinder".
2024-10-20 20:43:02,552 [ERROR] LogOutputStream:75 - [STDERR_REDIRECT] SLF4J: Defaulting to no-operation (NOP) logger implementation
2024-10-20 20:43:02,553 [ERROR] LogOutputStream:75 - [STDERR_REDIRECT] SLF4J: See http://www.slf4j.org/codes.html#StaticLoggerBinder for further details.
2024-10-20 20:55:30,656 [INFO] McuFinderGlobals:63 - Set McuFinder mode to 2 (CubeIDE integrated)
2024-10-20 20:55:31,767 [INFO] MainUpdater:2873 - connection check result : 10
2024-10-20 20:55:31,772 [INFO] MainUpdater:2873 - connection check result : 10
2024-10-20 20:55:31,912 [INFO] MicroXplorer:468 - Change Database Path : 
2024-10-20 20:55:31,912 [INFO] MicroXplorer:498 - Change Database Version : DB.6.0.100
2024-10-20 20:55:31,915 [WARN] ThirdParty:871 - waiting for thirdparty lock release [close project]
2024-10-20 20:55:31,915 [INFO] ThirdParty:873 - entering critical section [close project]
2024-10-20 20:55:31,916 [INFO] ThirdParty:883 - exiting critical section [close project]
2024-10-20 20:55:31,917 [INFO] PinOutPanel:1499 - setPackage(No Configuration,No Configuration)
2024-10-20 20:55:31,920 [INFO] UtilMem:75 - Begin LoadConfig() Used Memory: 777941528 Bytes (1016070144)
2024-10-20 20:55:31,921 [INFO] MicroXplorer:468 - Change Database Path : 
2024-10-20 20:55:31,921 [INFO] MicroXplorer:498 - Change Database Version : DB.6.0.100
2024-10-20 20:55:31,921 [INFO] OpenFileManager:312 - Change cursor
2024-10-20 20:55:31,943 [INFO] Mcu:2016 - Initializing MCU STM32F411C(C-E)Ux STM32F411CEUx STM32F411CEU6
2024-10-20 20:55:33,053 [INFO] Context:659 - Trying to add GPIOservice into a context  which must be forbidden
2024-10-20 20:55:33,421 [INFO] RtosManager:555 - Registered RTOS mode: class=CMSIS, group=RTOS, mode=CMSIS_V1, owner=FREERTOS
2024-10-20 20:55:33,421 [INFO] RtosManager:555 - Registered RTOS mode: class=CMSIS, group=RTOS2, mode=CMSIS_V2, owner=FREERTOS
2024-10-20 20:55:33,421 [INFO] RtosManager:555 - Registered RTOS mode: class=RTOS, group=Core, mode=CMSIS_V1, owner=FREERTOS
2024-10-20 20:55:33,421 [INFO] RtosManager:555 - Registered RTOS mode: class=RTOS, group=Core, mode=CMSIS_V2, owner=FREERTOS
2024-10-20 20:55:33,421 [WARN] ModelIntegratedComponent:184 - Missing modes for component STMicroelectronics:FreeRTOS:0.0.1:STMicroelectronics:RTOS:FreeRTOS:Core:::10.2.0:
2024-10-20 20:55:33,426 [WARN] ModelIntegratedComponent:63 - No mode defined for component null
2024-10-20 20:55:33,426 [WARN] ModelIntegratedComponent:63 - No mode defined for component null
2024-10-20 20:55:33,426 [WARN] ModelIntegratedComponent:63 - No mode defined for component null
2024-10-20 20:55:33,427 [WARN] ModelIntegratedComponent:63 - No mode defined for component null
2024-10-20 20:55:33,427 [WARN] ModelIntegratedComponent:63 - No mode defined for component null
2024-10-20 20:55:33,427 [WARN] ModelIntegratedComponent:63 - No mode defined for component null
2024-10-20 20:55:33,427 [WARN] ModelIntegratedComponent:63 - No mode defined for component null
2024-10-20 20:55:33,427 [WARN] ModelIntegratedComponent:63 - No mode defined for component null
2024-10-20 20:55:33,427 [WARN] ModelIntegratedComponent:63 - No mode defined for component null
2024-10-20 20:55:33,427 [WARN] ModelIntegratedComponent:63 - No mode defined for component null
2024-10-20 20:55:33,427 [WARN] ModelIntegratedComponent:63 - No mode defined for component null
2024-10-20 20:55:33,427 [WARN] ModelIntegratedComponent:63 - No mode defined for component null
2024-10-20 20:55:33,427 [WARN] ModelIntegratedComponent:63 - No mode defined for component null
2024-10-20 20:55:33,427 [WARN] ModelIntegratedComponent:63 - No mode defined for component null
2024-10-20 20:55:33,427 [WARN] ModelIntegratedComponent:63 - No mode defined for component null
2024-10-20 20:55:33,427 [WARN] ModelIntegratedComponent:63 - No mode defined for component null
2024-10-20 20:55:33,427 [WARN] ModelIntegratedComponent:63 - No mode defined for component null
2024-10-20 20:55:33,427 [WARN] ModelIntegratedComponent:63 - No mode defined for component null
2024-10-20 20:55:33,427 [WARN] ModelIntegratedComponent:63 - No mode defined for component null
2024-10-20 20:55:33,427 [WARN] ModelIntegratedComponent:63 - No mode defined for component null
2024-10-20 20:55:33,427 [WARN] ModelIntegratedComponent:63 - No mode defined for component null
2024-10-20 20:55:33,427 [WARN] ModelIntegratedComponent:63 - No mode defined for component null
2024-10-20 20:55:33,427 [WARN] ModelIntegratedComponent:63 - No mode defined for component null
2024-10-20 20:55:33,427 [WARN] ModelIntegratedComponent:63 - No mode defined for component null
2024-10-20 20:55:33,427 [WARN] ModelIntegratedComponent:63 - No mode defined for component null
2024-10-20 20:55:33,427 [WARN] ModelIntegratedComponent:63 - No mode defined for component null
2024-10-20 20:55:33,427 [WARN] ModelIntegratedComponent:63 - No mode defined for component null
2024-10-20 20:55:33,427 [WARN] ModelIntegratedComponent:63 - No mode defined for component null
2024-10-20 20:55:33,427 [WARN] ModelIntegratedComponent:63 - No mode defined for component null
2024-10-20 20:55:33,427 [WARN] ModelIntegratedComponent:63 - No mode defined for component null
2024-10-20 20:55:33,427 [WARN] ModelIntegratedComponent:63 - No mode defined for component null
2024-10-20 20:55:33,427 [WARN] ModelIntegratedComponent:63 - No mode defined for component null
2024-10-20 20:55:33,427 [WARN] ModelIntegratedComponent:63 - No mode defined for component null
2024-10-20 20:55:33,430 [WARN] ModelIntegratedComponent:182 - Modes not found for component STMicroelectronics:USB_DEVICE:1.0.0:STMicroelectronics:USB::USB Device:Audio HS::1.0:USB_DEVICE_1_0_RESTRICTED_HS
2024-10-20 20:55:33,430 [WARN] ModelIntegratedComponent:188 - Modes not found for component STMicroelectronics:USB_DEVICE:1.0.0:STMicroelectronics:USB::USB Device:Audio HS::1.0:USB_DEVICE_1_0_RESTRICTED_HS
2024-10-20 20:55:33,430 [WARN] ModelIntegratedComponent:182 - Modes not found for component STMicroelectronics:USB_DEVICE:1.0.0:STMicroelectronics:USB::USB Device:CDC HS::1.0:USB_DEVICE_1_0_RESTRICTED_HS
2024-10-20 20:55:33,430 [WARN] ModelIntegratedComponent:188 - Modes not found for component STMicroelectronics:USB_DEVICE:1.0.0:STMicroelectronics:USB::USB Device:CDC HS::1.0:USB_DEVICE_1_0_RESTRICTED_HS
2024-10-20 20:55:33,430 [WARN] ModelIntegratedComponent:182 - Modes not found for component STMicroelectronics:USB_DEVICE:1.0.0:STMicroelectronics:USB::USB Device:DFU HS::1.0:USB_DEVICE_1_0_RESTRICTED_HS
2024-10-20 20:55:33,430 [WARN] ModelIntegratedComponent:188 - Modes not found for component STMicroelectronics:USB_DEVICE:1.0.0:STMicroelectronics:USB::USB Device:DFU HS::1.0:USB_DEVICE_1_0_RESTRICTED_HS
2024-10-20 20:55:33,430 [WARN] ModelIntegratedComponent:182 - Modes not found for component STMicroelectronics:USB_DEVICE:1.0.0:STMicroelectronics:USB::USB Device:HID HS::1.0:USB_DEVICE_1_0_RESTRICTED_HS
2024-10-20 20:55:33,430 [WARN] ModelIntegratedComponent:188 - Modes not found for component STMicroelectronics:USB_DEVICE:1.0.0:STMicroelectronics:USB::USB Device:HID HS::1.0:USB_DEVICE_1_0_RESTRICTED_HS
2024-10-20 20:55:33,430 [WARN] ModelIntegratedComponent:182 - Modes not found for component STMicroelectronics:USB_DEVICE:1.0.0:STMicroelectronics:USB::USB Device:Custom HID HS::1.0:USB_DEVICE_1_0_RESTRICTED_HS
2024-10-20 20:55:33,430 [WARN] ModelIntegratedComponent:188 - Modes not found for component STMicroelectronics:USB_DEVICE:1.0.0:STMicroelectronics:USB::USB Device:Custom HID HS::1.0:USB_DEVICE_1_0_RESTRICTED_HS
2024-10-20 20:55:33,430 [WARN] ModelIntegratedComponent:182 - Modes not found for component STMicroelectronics:USB_DEVICE:1.0.0:STMicroelectronics:USB::USB Device:MSC HS::1.0:USB_DEVICE_1_0_RESTRICTED_HS
2024-10-20 20:55:33,430 [WARN] ModelIntegratedComponent:188 - Modes not found for component STMicroelectronics:USB_DEVICE:1.0.0:STMicroelectronics:USB::USB Device:MSC HS::1.0:USB_DEVICE_1_0_RESTRICTED_HS
2024-10-20 20:55:33,442 [WARN] ModelIntegratedComponent:182 - Modes not found for component STMicroelectronics:USB_HOST:1.0.0:STMicroelectronics:USB::USB Host:Audio HS::1.0:USB_HOST_1_0_RESTRICTED_HS
2024-10-20 20:55:33,442 [WARN] ModelIntegratedComponent:188 - Modes not found for component STMicroelectronics:USB_HOST:1.0.0:STMicroelectronics:USB::USB Host:Audio HS::1.0:USB_HOST_1_0_RESTRICTED_HS
2024-10-20 20:55:33,442 [WARN] ModelIntegratedComponent:182 - Modes not found for component STMicroelectronics:USB_HOST:1.0.0:STMicroelectronics:USB::USB Host:CDC HS::1.0:USB_HOST_1_0_RESTRICTED_HS
2024-10-20 20:55:33,442 [WARN] ModelIntegratedComponent:188 - Modes not found for component STMicroelectronics:USB_HOST:1.0.0:STMicroelectronics:USB::USB Host:CDC HS::1.0:USB_HOST_1_0_RESTRICTED_HS
2024-10-20 20:55:33,442 [WARN] ModelIntegratedComponent:182 - Modes not found for component STMicroelectronics:USB_HOST:1.0.0:STMicroelectronics:USB::USB Host:MSC HS::1.0:USB_HOST_1_0_RESTRICTED_HS
2024-10-20 20:55:33,442 [WARN] ModelIntegratedComponent:188 - Modes not found for component STMicroelectronics:USB_HOST:1.0.0:STMicroelectronics:USB::USB Host:MSC HS::1.0:USB_HOST_1_0_RESTRICTED_HS
2024-10-20 20:55:33,442 [WARN] ModelIntegratedComponent:182 - Modes not found for component STMicroelectronics:USB_HOST:1.0.0:STMicroelectronics:USB::USB Host:HID HS::1.0:USB_HOST_1_0_RESTRICTED_HS
2024-10-20 20:55:33,442 [WARN] ModelIntegratedComponent:188 - Modes not found for component STMicroelectronics:USB_HOST:1.0.0:STMicroelectronics:USB::USB Host:HID HS::1.0:USB_HOST_1_0_RESTRICTED_HS
2024-10-20 20:55:33,442 [WARN] ModelIntegratedComponent:182 - Modes not found for component STMicroelectronics:USB_HOST:1.0.0:STMicroelectronics:USB::USB Host:MTP HS::1.0:USB_HOST_1_0_RESTRICTED_HS
2024-10-20 20:55:33,442 [WARN] ModelIntegratedComponent:188 - Modes not found for component STMicroelectronics:USB_HOST:1.0.0:STMicroelectronics:USB::USB Host:MTP HS::1.0:USB_HOST_1_0_RESTRICTED_HS
2024-10-20 20:55:33,500 [INFO] ThirdPartyModel:298 - Start build external matchings
2024-10-20 20:55:33,883 [INFO] ThirdPartyModel:316 - End build external matchings
2024-10-20 20:55:33,898 [INFO] ImportTextPane:194 - (OptionalMessage_ERROR) IP (RCC) : Parameter (48MHZClocksFreq_Value) has invalid value (50000000)
2024-10-20 20:55:33,898 [INFO] ImportTextPane:194 - (OptionalMessage_ERROR) IP (RCC) : Parameter (RTCHSEDivFreq_Value) has invalid value (12500000)
2024-10-20 20:55:34,090 [INFO] UtilMem:75 - End LoadConfig() Used Memory: 772264120 Bytes (1032847360)
2024-10-20 20:55:34,184 [INFO] ApiDb:581 - Connected to CubeFinder SQLite database (C:\Users\Chris\.stmcufinder\plugins\mcufinder\mcu\cube-finder-db.db)
2024-10-20 20:55:34,250 [INFO] ApiDb:668 - CubeFinder database Data Model version=2.1
2024-10-20 20:55:34,250 [INFO] ApiDb:669 - CubeFinder database Configuration version=3.0.39
2024-10-20 20:55:34,252 [INFO] ApiDb:670 - CubeFinder database generation date=2024-09-16 (1726485674)
2024-10-20 20:55:34,252 [INFO] ApiDb:671 - CubeFinder database FW Pack versions=[FP-ATR-ASTRA1_V2.0.0, FP-SNS-FLIGHT1_V5.0.2, FP-SNS-MOTENV1_V5.0.0, FP-SNS-MOTENVWB1_V1.4.0, FP-SNS-SMARTAG2_V1.2.0, FP-SNS-STBOX1_V2.0.0, STM32Cube_FW_C0_V1.2.0, STM32Cube_FW_F4_V1.28.1, STM32Cube_FW_F7_V1.17.2, STM32Cube_FW_G0_V1.6.2, STM32Cube_FW_G4_V1.6.0, STM32Cube_FW_H5_V1.3.0, STM32Cube_FW_H7RS_V1.1.0, STM32Cube_FW_H7_V1.11.2, STM32Cube_FW_L0_V1.12.2, STM32Cube_FW_L5_V1.5.1, STM32Cube_FW_U0_V1.1.0, STM32Cube_FW_U5_V1.6.0, STM32Cube_FW_WB0_V1.0.0, STM32Cube_FW_WBA_V1.4.1, STM32Cube_FW_WB_V1.20.0, STM32Cube_FW_WL_V1.3.0, X-CUBE-ALGOBUILD_V1.4.0, X-CUBE-ALS_V1.0.2, X-CUBE-AZRTOS-F4_V1.1.0, X-CUBE-AZRTOS-F7_V1.1.0, X-CUBE-AZRTOS-G0_V1.1.0, X-CUBE-AZRTOS-G4_V2.0.0, X-CUBE-AZRTOS-H7RS_V1.0.0, X-CUBE-AZRTOS-H7_V3.2.0, X-CUBE-AZRTOS-L4_V2.0.0, X-CUBE-AZRTOS-L5_V2.0.0, X-CUBE-AZRTOS-WB_V2.0.0, X-CUBE-AZRTOS-WL_V2.0.0, X-CUBE-BLE1_V7.0.0, X-CUBE-BLE2_V3.3.0, X-CUBE-BLEMGR_V3.1.0, X-CUBE-EEPRMA1_V5.1.0, X-CUBE-FREERTOS_V1.2.0, X-CUBE-GNSS1_V6.0.0, X-CUBE-MEMS1_V11.0.0, X-CUBE-NFC4_V3.0.0, X-CUBE-NFC7_V1.0.1, X-CUBE-SFXS2LP1_V4.0.0, X-CUBE-SUBG2_V5.0.0, X-CUBE-TOF1_V3.4.2]
2024-10-20 20:55:35,999 [INFO] ApiDb:240 - Found 371 in-development CPN: [B-G473E-ZEST1S, B-WB1M-WPAN1, B-WL5M-SUBG1, NUCLEO-C031C6, NUCLEO-H503RB, NUCLEO-H563ZI, NUCLEO-U545RE-Q, NUCLEO-U5A5ZJ-Q, NUCLEO-WBA52CG, NUCLEO-WBA55CG, STEVAL-MKBOXPRO, STEVAL-PROTEUS1, STEVAL-STWINBX1, STM320518-EVAL, STM32C0116-DK, STM32C011D6Y3TR, STM32C011D6Y6TR, STM32C011F4P3, STM32C011F4P6, STM32C011F4U3, STM32C011F4U6TR, STM32C011F6P3, STM32C011F6P6, STM32C011F6U3, STM32C011F6U6TR, STM32C011J4M3, STM32C011J4M6, STM32C011J6M3, STM32C011J6M6, STM32C0316-DK, STM32C031C4T3, STM32C031C4T6, STM32C031C4U3, STM32C031C4U6, STM32C031C6T3, STM32C031C6T6, STM32C031C6U3, STM32C031C6U6, STM32C031F4P3, STM32C031F4P6, STM32C031F6P3, STM32C031F6P6, STM32C031G4U3, STM32C031G4U6, STM32C031G6U3, STM32C031G6U6, STM32C031K4T3, STM32C031K4T6, STM32C031K4U3, STM32C031K4U6, STM32C031K6T3, STM32C031K6T6, STM32C031K6U3, STM32C031K6U6, STM32G071K8TXN, STM32G071K8UXN, STM32G081GBU6N, STM32G081KBT6N, STM32G081KBUXN, STM32G0B1CCT6N, STM32G0B1KCT6, STM32G0B1NEY6TR, STM32G0B1RCT6N, STM32G0C1CCT6, STM32G0C1CCT6N, STM32G0C1CCU6N, STM32G0C1CET6N, STM32G0C1CEU6N, STM32G0C1KCT6, STM32G0C1NEY6TR, STM32G0C1RCI6N, STM32G0C1RCT6N, STM32G0C1REI6N, STM32G0C1RET6N, STM32G0C1VCI6, STM32G0C1VEI6, STM32G471CCT6, STM32G471CCU6, STM32G471CET3, STM32G471CET6, STM32G471CEU3, STM32G471CEU6, STM32G471MCT6, STM32G471MET3, STM32G471MET6, STM32G471MEY6TR, STM32G471QCT6, STM32G471QET3, STM32G471RCT6, STM32G471RET3, STM32G471RET6, STM32G471VCH6, STM32G471VCI6, STM32G471VCT6, STM32G471VEH3, STM32G471VEH6, STM32G471VEI3, STM32G471VEI6, STM32G471VET3, STM32G471VET6, STM32G474CCT6, STM32H503CBT6, STM32H503CBU6, STM32H503EBY6TR, STM32H503KBU6, STM32H503RBT6, STM32H562AGI6, STM32H562AII6, STM32H562IGK6, STM32H562IGT6, STM32H562IIK6, STM32H562IIT6, STM32H562RGT6, STM32H562RGV6, STM32H562RIT6, STM32H562RIV6, STM32H562VGT6, STM32H562VIT6, STM32H562ZGT6, STM32H562ZIT6, STM32H563AGI6, STM32H563AII3Q, STM32H563AII6, STM32H563IGK6, STM32H563IGT6, STM32H563IIK3Q, STM32H563IIK6, STM32H563IIT3Q, STM32H563IIT6, STM32H563MIY3QTR, STM32H563RGT6, STM32H563RGV6, STM32H563RIT6, STM32H563RIV6, STM32H563VGT6, STM32H563VIT3Q, STM32H563VIT6, STM32H563ZGT6, STM32H563ZIT3Q, STM32H563ZIT6, STM32H573AII3Q, STM32H573AII6, STM32H573I-DK, STM32H573IIK3Q, STM32H573IIK6, STM32H573IIT3Q, STM32H573IIT6, STM32H573MIY3QTR, STM32H573RIT6, STM32H573RIV6, STM32H573VIT3Q, STM32H573VIT6, STM32H573ZIT3Q, STM32H573ZIT6, STM32L4R5QGI6STR, STM32MP131AAE3, STM32MP131AAF3, STM32MP131AAG3, STM32MP131CAE3, STM32MP131CAF3, STM32MP131CAG3, STM32MP131DAE7, STM32MP131DAF7, STM32MP131DAG7, STM32MP131FAE7, STM32MP131FAF7, STM32MP131FAG7, STM32MP133AAE3, STM32MP133AAF3, STM32MP133AAG3, STM32MP133CAE3, STM32MP133CAF3, STM32MP133CAG3, STM32MP133DAE7, STM32MP133DAF7, STM32MP133DAG7, STM32MP133FAE7, STM32MP133FAF7, STM32MP133FAG7, STM32MP135AAE3, STM32MP135AAF3, STM32MP135AAG3, STM32MP135CAE3, STM32MP135CAF3, STM32MP135CAG3, STM32MP135DAE7, STM32MP135DAF7, STM32MP135DAG7, STM32MP135F-DK, STM32MP135FAE7, STM32MP135FAF7, STM32MP135FAF7T, STM32MP135FAF7U, STM32MP135FAG7, STM32U535CBT6, STM32U535CBT6Q, STM32U535CBU6, STM32U535CBU6Q, STM32U535CCT6, STM32U535CCT6Q, STM32U535CCU6, STM32U535CCU6Q, STM32U535CET6, STM32U535CET6Q, STM32U535CEU6, STM32U535CEU6Q, STM32U535JEY6QTR, STM32U535NCY6QTR, STM32U535NEY6QTR, STM32U535RBI6, STM32U535RBI6Q, STM32U535RBT6, STM32U535RBT6Q, STM32U535RCI6, STM32U535RCI6Q, STM32U535RCT6, STM32U535RCT6Q, STM32U535REI6, STM32U535REI6Q, STM32U535RET6, STM32U535RET6Q, STM32U535VCI6, STM32U535VCI6Q, STM32U535VCT6, STM32U535VCT6Q, STM32U535VEI6, STM32U535VEI6Q, STM32U535VET6, STM32U535VET6Q, STM32U545CET6, STM32U545CET6Q, STM32U545CEU6, STM32U545CEU6Q, STM32U545JEY6QTR, STM32U545NEY6QTR, STM32U545REI6, STM32U545REI6Q, STM32U545RET6, STM32U545RET6Q, STM32U545VEI6, STM32U545VEI6Q, STM32U545VET6, STM32U545VET6Q, STM32U595AIH6, STM32U595AIH6Q, STM32U595AJH6, STM32U595AJH6Q, STM32U595QII6, STM32U595QII6Q, STM32U595QJI6, STM32U595QJI6Q, STM32U595RIT6, STM32U595RIT6Q, STM32U595RJT6, STM32U595RJT6Q, STM32U595VIT6, STM32U595VIT6Q, STM32U595VJT6, STM32U595VJT6Q, STM32U595ZIT6, STM32U595ZIT6Q, STM32U595ZIY6QTR, STM32U595ZJT6, STM32U595ZJT6Q, STM32U595ZJY6QTR, STM32U599BJY6QTR, STM32U599NIH6Q, STM32U599NJH6Q, STM32U599VIT6Q, STM32U599VJT6, STM32U599VJT6Q, STM32U599ZIT6Q, STM32U599ZIY6QTR, STM32U599ZJT6Q, STM32U599ZJY6QTR, STM32U5A5AJH6, STM32U5A5AJH6Q, STM32U5A5QJI6, STM32U5A5QJI6Q, STM32U5A5RJT6, STM32U5A5RJT6Q, STM32U5A5VJT6, STM32U5A5VJT6Q, STM32U5A5ZJT6, STM32U5A5ZJT6Q, STM32U5A5ZJY6QTR, STM32U5A9BJY6QTR, STM32U5A9J-DK, STM32U5A9NJH6Q, STM32U5A9VJT6Q, STM32U5A9ZJT6Q, STM32U5A9ZJY6QTR, STM32U5F7VIT6, STM32U5F7VIT6Q, STM32U5F7VJT6, STM32U5F7VJT6Q, STM32U5F9BJY6QTR, STM32U5F9NJH6Q, STM32U5F9VIT6Q, STM32U5F9VJT6Q, STM32U5F9ZIJ6QTR, STM32U5F9ZIT6Q, STM32U5F9ZJJ6QTR, STM32U5F9ZJT6Q, STM32U5G7VJT6, STM32U5G7VJT6Q, STM32U5G9BJY6QTR, STM32U5G9J-DK1, STM32U5G9J-DK2, STM32U5G9NJH6Q, STM32U5G9VJT6Q, STM32U5G9ZJJ6QTR, STM32U5G9ZJT6Q, STM32WB1MMCH6, STM32WBA50KEU6, STM32WBA50KEU6TR, STM32WBA50KGU6, STM32WBA50KGU6TR, STM32WBA52CEU6, STM32WBA52CEU6TR, STM32WBA52CEU7, STM32WBA52CEU7TR, STM32WBA52CGU6, STM32WBA52CGU6TR, STM32WBA52CGU6U, STM32WBA52CGU7, STM32WBA52CGU7TR, STM32WBA52KEU6, STM32WBA52KEU6TR, STM32WBA52KGU6, STM32WBA52KGU6TR, STM32WBA54CEU6, STM32WBA54CEU6TR, STM32WBA54CEU7, STM32WBA54CEU7TR, STM32WBA54CGU6, STM32WBA54CGU6TR, STM32WBA54CGU7, STM32WBA54CGU7TR, STM32WBA54KEU6, STM32WBA54KEU6TR, STM32WBA54KEU7, STM32WBA54KEU7TR, STM32WBA54KGU6, STM32WBA54KGU6TR, STM32WBA54KGU7, STM32WBA54KGU7TR, STM32WBA55CEU6, STM32WBA55CEU6TR, STM32WBA55CEU7, STM32WBA55CEU7TR, STM32WBA55CGU6, STM32WBA55CGU6TR, STM32WBA55CGU6U, STM32WBA55CGU7, STM32WBA55CGU7TR, STM32WBA55G-DK1, STM32WBA55HEF6, STM32WBA55HEF7, STM32WBA55HGF6, STM32WBA55HGF7, STM32WBA55UEI6, STM32WBA55UEI6TR, STM32WBA55UEI7, STM32WBA55UEI7TR, STM32WBA55UGI6, STM32WBA55UGI6TR, STM32WBA55UGI7, STM32WBA55UGI7TR, STM32WL5MOCH6, STM32WL5MOCH6TR]
2024-10-20 20:55:36,002 [INFO] DbMcus:218 - Found 4204 MCUs, 4204 are supported
2024-10-20 20:55:36,004 [INFO] ApiDb:423 - Load user favorites file C:\Users\Chris/.stm32cubeide/favorites.mcus.txt: 0 item(s)
2024-10-20 20:55:36,004 [INFO] ApiDb:427 - User favorites MCUs=[]
2024-10-20 20:55:36,004 [INFO] DbMcus:224 - Set 0 / 0 favorites MCUs
2024-10-20 20:55:36,314 [INFO] MicroXplorer:468 - Change Database Path : 
2024-10-20 20:55:36,314 [INFO] MicroXplorer:498 - Change Database Version : DB.6.0.100
2024-10-20 20:55:36,314 [WARN] ThirdParty:833 - waiting for thirdparty lock release [change project]
2024-10-20 20:55:36,314 [INFO] ThirdParty:835 - entering critical section [change project]
2024-10-20 20:55:36,315 [INFO] ThirdParty:1030 - CMSIS Pack Vendor :STMicroelectronics USBPD 4.1
2024-10-20 20:55:36,315 [INFO] ThirdParty:1030 - CMSIS Pack Vendor :STMicroelectronics X-CUBE-GNSS1 6.0.0
2024-10-20 20:55:36,315 [INFO] ThirdParty:1030 - CMSIS Pack Vendor :STMicroelectronics USB_HOST 2.0.0
2024-10-20 20:55:36,315 [INFO] ThirdParty:1030 - CMSIS Pack Vendor :STMicroelectronics FP-SNS-MOTENVWB1 1.4.0
2024-10-20 20:55:36,315 [INFO] ThirdParty:1030 - CMSIS Pack Vendor :STMicroelectronics X-CUBE-AZRTOS-F4 1.1.0
2024-10-20 20:55:36,315 [INFO] ThirdParty:1030 - CMSIS Pack Vendor :STMicroelectronics LIBJPEG 8.0.0
2024-10-20 20:55:36,315 [INFO] ThirdParty:1030 - CMSIS Pack Vendor :STMicroelectronics X-CUBE-SMBUS 2.1.0
2024-10-20 20:55:36,315 [INFO] ThirdParty:1030 - CMSIS Pack Vendor :STMicroelectronics X-CUBE-WB05N 1.1.0
2024-10-20 20:55:36,315 [INFO] ThirdParty:1030 - CMSIS Pack Vendor :STMicroelectronics X-CUBE-ISPU 2.1.0
2024-10-20 20:55:36,315 [INFO] ThirdParty:1030 - CMSIS Pack Vendor :STMicroelectronics X-CUBE-FREERTOS 1.2.0
2024-10-20 20:55:36,315 [INFO] ThirdParty:1030 - CMSIS Pack Vendor :wolfSSL I-CUBE-wolfSSL 5.6.6
2024-10-20 20:55:36,315 [INFO] ThirdParty:1030 - CMSIS Pack Vendor :STMicroelectronics X-CUBE-TOUCHGFX 4.23.1
2024-10-20 20:55:36,315 [INFO] ThirdParty:1030 - CMSIS Pack Vendor :STMicroelectronics X-CUBE-TOUCHGFX 4.23.0
2024-10-20 20:55:36,315 [INFO] ThirdParty:1030 - CMSIS Pack Vendor :STMicroelectronics X-CUBE-TOUCHGFX 4.23.2
2024-10-20 20:55:36,315 [INFO] ThirdParty:1030 - CMSIS Pack Vendor :STMicroelectronics X-CUBE-AZRTOS-F7 1.1.0
2024-10-20 20:55:36,315 [INFO] ThirdParty:1030 - CMSIS Pack Vendor :STMicroelectronics X-CUBE-AZRTOS-L5 2.0.0
2024-10-20 20:55:36,315 [INFO] ThirdParty:1030 - CMSIS Pack Vendor :STMicroelectronics USB_DEVICE 2.0.0
2024-10-20 20:55:36,315 [INFO] ThirdParty:1030 - CMSIS Pack Vendor :STMicroelectronics X-CUBE-EEPRMA1 4.2.0
2024-10-20 20:55:36,315 [INFO] ThirdParty:1030 - CMSIS Pack Vendor :STMicroelectronics X-CUBE-NFC6 3.1.0
2024-10-20 20:55:36,315 [INFO] ThirdParty:1030 - CMSIS Pack Vendor :ITTIA_DB I-CUBE-ITTIADB 8.8.0
2024-10-20 20:55:36,315 [INFO] ThirdParty:1030 - CMSIS Pack Vendor :STMicroelectronics FP-SNS-MOTENV1 4.3.2
2024-10-20 20:55:36,315 [INFO] ThirdParty:1030 - CMSIS Pack Vendor :STMicroelectronics X-CUBE-MEMS1 11.0.0
2024-10-20 20:55:36,315 [INFO] ThirdParty:1030 - CMSIS Pack Vendor :STMicroelectronics FreeRTOS 0.0.1
2024-10-20 20:55:36,315 [INFO] ThirdParty:1030 - CMSIS Pack Vendor :STMicroelectronics X-CUBE-DPower 1.2.0
2024-10-20 20:55:36,315 [INFO] ThirdParty:1030 - CMSIS Pack Vendor :STMicroelectronics FP-SNS-FLIGHT1 5.0.2
2024-10-20 20:55:36,315 [INFO] ThirdParty:1030 - CMSIS Pack Vendor :STMicroelectronics X-CUBE-AI 9.0.0
2024-10-20 20:55:36,315 [INFO] ThirdParty:1030 - CMSIS Pack Vendor :STMicroelectronics PDM2PCM 3.3.0
2024-10-20 20:55:36,315 [INFO] ThirdParty:1030 - CMSIS Pack Vendor :STMicroelectronics X-CUBE-DISPLAY 3.0.0
2024-10-20 20:55:36,315 [INFO] ThirdParty:1030 - CMSIS Pack Vendor :STMicroelectronics X-CUBE-BLE1 7.0.0
2024-10-20 20:55:36,315 [INFO] ThirdParty:1030 - CMSIS Pack Vendor :STMicroelectronics X-CUBE-NFC10 1.0.0
2024-10-20 20:55:36,315 [INFO] ThirdParty:1030 - CMSIS Pack Vendor :STMicroelectronics HAL Drivers 0.0.0
2024-10-20 20:55:36,315 [INFO] ThirdParty:1030 - CMSIS Pack Vendor :emotas I-CUBE-CANOPEN 1.3.0
2024-10-20 20:55:36,315 [INFO] ThirdParty:1030 - CMSIS Pack Vendor :STMicroelectronics X-CUBE-NFC7 1.0.1
2024-10-20 20:55:36,315 [INFO] ThirdParty:1030 - CMSIS Pack Vendor :STMicroelectronics MBEDTLS 2.14.1
2024-10-20 20:55:36,315 [INFO] ThirdParty:1030 - CMSIS Pack Vendor :STMicroelectronics X-CUBE-NFC6 3.0.0
2024-10-20 20:55:36,315 [INFO] ThirdParty:1030 - CMSIS Pack Vendor :STMicroelectronics X-CUBE-BLEMGR 3.1.0
2024-10-20 20:55:36,315 [INFO] ThirdParty:1030 - CMSIS Pack Vendor :STMicroelectronics FP-SNS-SMARTAG2 1.2.0
2024-10-20 20:55:36,315 [INFO] ThirdParty:1030 - CMSIS Pack Vendor :STMicroelectronics X-CUBE-AZRTOS-WL 2.0.0
2024-10-20 20:55:36,315 [INFO] ThirdParty:1030 - CMSIS Pack Vendor :STMicroelectronics FP-SNS-MOTENV1 5.0.0
2024-10-20 20:55:36,315 [INFO] ThirdParty:1030 - CMSIS Pack Vendor :STMicroelectronics USB_DEVICE 1.0.0
2024-10-20 20:55:36,315 [INFO] ThirdParty:1030 - CMSIS Pack Vendor :STMicroelectronics X-CUBE-AI 8.1.0
2024-10-20 20:55:36,315 [INFO] ThirdParty:1030 - CMSIS Pack Vendor :wolfSSL I-CUBE-wolfMQTT 1.19.0
2024-10-20 20:55:36,315 [INFO] ThirdParty:1030 - CMSIS Pack Vendor :STMicroelectronics X-CUBE-AZRTOS-L4 2.0.0
2024-10-20 20:55:36,315 [INFO] ThirdParty:1030 - CMSIS Pack Vendor :STMicroelectronics ThreadX 0.0.2
2024-10-20 20:55:36,315 [INFO] ThirdParty:1030 - CMSIS Pack Vendor :WES I-CUBE-Cesium 1.3.0
2024-10-20 20:55:36,315 [INFO] ThirdParty:1030 - CMSIS Pack Vendor :STMicroelectronics lwIP 2.1.2
2024-10-20 20:55:36,315 [INFO] ThirdParty:1030 - CMSIS Pack Vendor :STMicroelectronics X-CUBE-SFXS2LP1 4.0.0
2024-10-20 20:55:36,315 [INFO] ThirdParty:1030 - CMSIS Pack Vendor :STMicroelectronics X-CUBE-BLE2 3.3.0
2024-10-20 20:55:36,315 [INFO] ThirdParty:1030 - CMSIS Pack Vendor :STMicroelectronics PDM2PCM 3.2.0
2024-10-20 20:55:36,315 [INFO] ThirdParty:1030 - CMSIS Pack Vendor :STMicroelectronics X-CUBE-AZRTOS-H7 3.3.0
2024-10-20 20:55:36,315 [INFO] ThirdParty:1030 - CMSIS Pack Vendor :STMicroelectronics X-CUBE-NFC9 1.0.0
2024-10-20 20:55:36,315 [INFO] ThirdParty:1030 - CMSIS Pack Vendor :STMicroelectronics USB_DEVICE 3.0.0
2024-10-20 20:55:36,315 [INFO] ThirdParty:1030 - CMSIS Pack Vendor :STMicroelectronics X-CUBE-TCPP 4.1.0
2024-10-20 20:55:36,315 [INFO] ThirdParty:1030 - CMSIS Pack Vendor :STMicroelectronics X-CUBE-IPS 3.0.0
2024-10-20 20:55:36,315 [INFO] ThirdParty:1030 - CMSIS Pack Vendor :STMicroelectronics X-CUBE-AZRTOS-WB 2.0.0
2024-10-20 20:55:36,315 [INFO] ThirdParty:1030 - CMSIS Pack Vendor :STMicroelectronics X-CUBE-GNSS1 7.0.0
2024-10-20 20:55:36,315 [INFO] ThirdParty:1030 - CMSIS Pack Vendor :STMicroelectronics FP-SNS-STBOX1 2.0.0
2024-10-20 20:55:36,315 [INFO] ThirdParty:1030 - CMSIS Pack Vendor :STMicroelectronics X-CUBE-ALGOBUILD 1.3.0
2024-10-20 20:55:36,315 [INFO] ThirdParty:1030 - CMSIS Pack Vendor :STMicroelectronics X-CUBE-AZRTOS-G0 1.1.0
2024-10-20 20:55:36,315 [INFO] ThirdParty:1030 - CMSIS Pack Vendor :STMicroelectronics X-CUBE-SAFEA1 1.2.2
2024-10-20 20:55:36,315 [INFO] ThirdParty:1030 - CMSIS Pack Vendor :STMicroelectronics X-CUBE-NFC4 3.0.0
2024-10-20 20:55:36,315 [INFO] ThirdParty:1030 - CMSIS Pack Vendor :STMicroelectronics X-CUBE-SUBG2 5.0.0
2024-10-20 20:55:36,316 [INFO] ThirdParty:1030 - CMSIS Pack Vendor :STMicroelectronics STM32_WPAN 1.0.0
2024-10-20 20:55:36,316 [INFO] ThirdParty:1030 - CMSIS Pack Vendor :wolfSSL I-CUBE-wolfMQTT 1.18.0
2024-10-20 20:55:36,316 [INFO] ThirdParty:1030 - CMSIS Pack Vendor :EmbeddedOffice I-CUBE-FS-RTOS 1.0.1
2024-10-20 20:55:36,316 [INFO] ThirdParty:1030 - CMSIS Pack Vendor :STMicroelectronics lwIP 2.0.3
2024-10-20 20:55:36,316 [INFO] ThirdParty:1030 - CMSIS Pack Vendor :Cesanta I-CUBE-Mongoose 7.13.0
2024-10-20 20:55:36,316 [INFO] ThirdParty:1030 - CMSIS Pack Vendor :STMicroelectronics USB_HOST 1.0.0
2024-10-20 20:55:36,316 [INFO] ThirdParty:1030 - CMSIS Pack Vendor :STMicroelectronics X-CUBE-AZRTOS-G4 2.0.0
2024-10-20 20:55:36,316 [INFO] ThirdParty:1030 - CMSIS Pack Vendor :STMicroelectronics PDM2PCM 3.1.0
2024-10-20 20:55:36,316 [INFO] ThirdParty:1030 - CMSIS Pack Vendor :Infineon AIROC-Wi-Fi-Bluetooth-STM32 1.5.1
2024-10-20 20:55:36,316 [INFO] ThirdParty:1030 - CMSIS Pack Vendor :STMicroelectronics X-CUBE-BLEMGR 3.0.0
2024-10-20 20:55:36,316 [INFO] ThirdParty:1030 - CMSIS Pack Vendor :RealThread X-CUBE-RT-Thread_Nano 4.1.1
2024-10-20 20:55:36,316 [INFO] ThirdParty:1030 - CMSIS Pack Vendor :STMicroelectronics FP-SNS-MOTENVWB1 1.3.1
2024-10-20 20:55:36,316 [INFO] ThirdParty:1030 - CMSIS Pack Vendor :STMicroelectronics FP-ATR-SIGFOX1 3.2.0
2024-10-20 20:55:36,316 [INFO] ThirdParty:1030 - CMSIS Pack Vendor :STMicroelectronics X-CUBE-ISPU 2.0.0
2024-10-20 20:55:36,316 [INFO] ThirdParty:1030 - CMSIS Pack Vendor :STMicroelectronics X-CUBE-EEPRMA1 5.1.0
2024-10-20 20:55:36,316 [INFO] ThirdParty:1030 - CMSIS Pack Vendor :STMicroelectronics MBEDTLS 2.16.2
2024-10-20 20:55:36,316 [INFO] ThirdParty:1030 - CMSIS Pack Vendor :STMicroelectronics X-CUBE-ALS 1.0.2
2024-10-20 20:55:36,316 [INFO] ThirdParty:1030 - CMSIS Pack Vendor :STMicroelectronics X-CUBE-MEMS1 10.0.0
2024-10-20 20:55:36,316 [INFO] ThirdParty:1030 - CMSIS Pack Vendor :STMicroelectronics X-CUBE-FREERTOS 1.1.0
2024-10-20 20:55:36,316 [INFO] ThirdParty:1030 - CMSIS Pack Vendor :STMicroelectronics X-CUBE-TOUCHGFX 4.24.0
2024-10-20 20:55:36,316 [INFO] ThirdParty:1030 - CMSIS Pack Vendor :STMicroelectronics X-CUBE-TOUCHGFX 4.24.1
2024-10-20 20:55:36,316 [INFO] ThirdParty:1030 - CMSIS Pack Vendor :wolfSSL I-CUBE-wolfTPM 3.4.0
2024-10-20 20:55:36,316 [INFO] ThirdParty:1030 - CMSIS Pack Vendor :portGmbH I-Cube-SoM-uGOAL 1.1.0
2024-10-20 20:55:36,316 [INFO] ThirdParty:1030 - CMSIS Pack Vendor :STMicroelectronics X-CUBE-ALS 1.0.1
2024-10-20 20:55:36,316 [INFO] ThirdParty:1030 - CMSIS Pack Vendor :STMicroelectronics ThreadX 1.0.0
2024-10-20 20:55:36,316 [INFO] ThirdParty:1030 - CMSIS Pack Vendor :SEGGER I-CUBE-embOS 1.3.1
2024-10-20 20:55:36,316 [INFO] ThirdParty:1030 - CMSIS Pack Vendor :STMicroelectronics X-CUBE-ALGOBUILD 1.4.0
2024-10-20 20:55:36,316 [INFO] ThirdParty:1030 - CMSIS Pack Vendor :STMicroelectronics X-CUBE-AZRTOS-H7RS 1.0.0
2024-10-20 20:55:36,316 [INFO] ThirdParty:1030 - CMSIS Pack Vendor :STMicroelectronics FP-ATR-ASTRA1 2.0.0
2024-10-20 20:55:36,316 [INFO] ThirdParty:1030 - CMSIS Pack Vendor :STMicroelectronics X-CUBE-TOF1 3.4.2
2024-10-20 20:55:36,316 [INFO] ThirdParty:1030 - CMSIS Pack Vendor :STMicroelectronics X-CUBE-AI 9.1.0
2024-10-20 20:55:36,316 [INFO] ThirdParty:1030 - CMSIS Pack Vendor :STMicroelectronics X-CUBE-TOF1 3.4.0
2024-10-20 20:55:36,316 [INFO] ThirdParty:1030 - CMSIS Pack Vendor :STMicroelectronics X-CUBE-TOF1 3.4.1
2024-10-20 20:55:36,316 [INFO] ThirdParty:1030 - CMSIS Pack Vendor :STMicroelectronics X-CUBE-AZRTOS-H7 3.2.0
2024-10-20 20:55:36,316 [INFO] ThirdParty:1030 - CMSIS Pack Vendor :wolfSSL I-CUBE-wolfSSH 1.4.17
2024-10-20 20:55:36,317 [INFO] ThirdParty:841 - exiting critical section [change project]
2024-10-20 20:55:36,568 [INFO] PinOutPanel:1499 - setPackage(No Configuration,No Configuration)
2024-10-20 20:55:36,569 [INFO] PinOutPanel:1499 - setPackage(STM32F411CEUx,UFQFPN48)
2024-10-20 20:55:36,969 [INFO] UtilMem:75 - Before build in PCC Used Memory: 669030872 Bytes (1032847360)
2024-10-20 20:55:37,907 [INFO] UtilMem:75 - After build in PCC Used Memory: 732994008 Bytes (1073741824)
2024-10-20 20:55:37,931 [INFO] IPUIPlugin:80 - create IPUIPlugin
2024-10-20 20:55:37,932 [INFO] IPUIPlugin:80 - create IPUIPlugin
2024-10-20 20:55:37,932 [INFO] IPUIPlugin:80 - create IPUIPlugin
2024-10-20 20:55:37,932 [INFO] IPUIPlugin:80 - create IPUIPlugin
2024-10-20 20:55:37,932 [INFO] IPUIPlugin:80 - create IPUIPlugin
2024-10-20 20:55:37,932 [INFO] IPUIPlugin:80 - create IPUIPlugin
2024-10-20 20:55:37,932 [INFO] IPUIPlugin:80 - create IPUIPlugin
2024-10-20 20:55:37,932 [INFO] IPUIPlugin:80 - create IPUIPlugin
2024-10-20 20:55:37,932 [INFO] IPUIPlugin:80 - create IPUIPlugin
2024-10-20 20:55:37,932 [INFO] IPUIPlugin:80 - create IPUIPlugin
2024-10-20 20:55:37,932 [INFO] IPUIPlugin:80 - create IPUIPlugin
2024-10-20 20:55:37,932 [INFO] IPUIPlugin:80 - create IPUIPlugin
2024-10-20 20:55:37,932 [INFO] IPUIPlugin:80 - create IPUIPlugin
2024-10-20 20:55:37,932 [INFO] IPUIPlugin:80 - create IPUIPlugin
2024-10-20 20:55:37,932 [INFO] IPUIPlugin:80 - create IPUIPlugin
2024-10-20 20:55:37,932 [INFO] IPUIPlugin:80 - create IPUIPlugin
2024-10-20 20:55:37,933 [INFO] IPUIPlugin:80 - create IPUIPlugin
2024-10-20 20:55:37,933 [INFO] IPUIPlugin:80 - create IPUIPlugin
2024-10-20 20:55:37,933 [INFO] IPUIPlugin:80 - create IPUIPlugin
2024-10-20 20:55:37,933 [INFO] IPUIPlugin:80 - create IPUIPlugin
2024-10-20 20:55:37,933 [INFO] IPUIPlugin:80 - create IPUIPlugin
2024-10-20 20:55:37,933 [INFO] IPUIPlugin:80 - create IPUIPlugin
2024-10-20 20:55:37,933 [INFO] IPUIPlugin:80 - create IPUIPlugin
2024-10-20 20:55:37,933 [INFO] IPUIPlugin:80 - create IPUIPlugin
2024-10-20 20:55:37,933 [INFO] IPUIPlugin:80 - create IPUIPlugin
2024-10-20 20:55:37,933 [INFO] IPUIPlugin:80 - create IPUIPlugin
2024-10-20 20:55:37,933 [INFO] IPUIPlugin:80 - create IPUIPlugin
2024-10-20 20:55:37,933 [INFO] IPUIPlugin:80 - create IPUIPlugin
2024-10-20 20:55:37,934 [INFO] IPUIPlugin:80 - create IPUIPlugin
2024-10-20 20:55:37,934 [INFO] IPUIPlugin:80 - create IPUIPlugin
2024-10-20 20:55:37,934 [INFO] IPUIPlugin:80 - create IPUIPlugin
2024-10-20 20:55:37,934 [INFO] IPUIPlugin:80 - create IPUIPlugin
2024-10-20 20:55:37,934 [INFO] IPUIPlugin:80 - create IPUIPlugin
2024-10-20 20:55:37,934 [INFO] IPUIPlugin:80 - create IPUIPlugin
2024-10-20 20:55:37,934 [INFO] IPUIPlugin:80 - create IPUIPlugin
2024-10-20 20:55:37,934 [INFO] IPUIPlugin:80 - create IPUIPlugin
2024-10-20 20:55:37,934 [INFO] IPUIPlugin:80 - create IPUIPlugin
2024-10-20 20:55:37,934 [INFO] IPUIPlugin:80 - create IPUIPlugin
2024-10-20 20:55:37,934 [INFO] IPUIPlugin:80 - create IPUIPlugin
2024-10-20 20:55:37,935 [INFO] IPUIPlugin:80 - create IPUIPlugin
2024-10-20 20:55:37,935 [INFO] IPUIPlugin:80 - create IPUIPlugin
2024-10-20 20:55:37,935 [INFO] IPUIPlugin:80 - create IPUIPlugin
2024-10-20 20:55:37,935 [INFO] IPUIPlugin:80 - create IPUIPlugin
2024-10-20 20:55:38,125 [INFO] ApiDbMcu:508 - Load IP Config File for PDM2PCM
2024-10-20 20:55:38,277 [INFO] CADModel:165 - CPN selected for project levelSTM32F411CEU6
2024-10-20 20:55:38,277 [INFO] CADModel:114 - Register for checkConnection events
2024-10-20 20:55:38,316 [INFO] OpenFileManager:343 - Restore cursor
2024-10-20 20:57:24,497 [WARN] IP:2119 - I2C_Coeff_DF not found: check if there is a RefParameter without a condition.
2024-10-20 20:57:24,497 [WARN] IP:2119 - Analog_Filter not found: check if there is a RefParameter without a condition.
2024-10-20 20:57:24,509 [WARN] IP:2119 - I2C_Coeff_DF not found: check if there is a RefParameter without a condition.
2024-10-20 20:57:24,509 [WARN] IP:2119 - Analog_Filter not found: check if there is a RefParameter without a condition.
2024-10-20 20:57:24,509 [WARN] IP:2119 - I2C_Coeff_DF not found: check if there is a RefParameter without a condition.
2024-10-20 20:57:24,509 [WARN] IP:2119 - Analog_Filter not found: check if there is a RefParameter without a condition.
2024-10-20 20:57:24,647 [WARN] IP:2119 - I2C_Coeff_DF not found: check if there is a RefParameter without a condition.
2024-10-20 20:57:24,647 [WARN] IP:2119 - Analog_Filter not found: check if there is a RefParameter without a condition.
2024-10-20 20:57:24,651 [WARN] IP:2119 - I2C_Coeff_DF not found: check if there is a RefParameter without a condition.
2024-10-20 20:57:24,651 [WARN] IP:2119 - Analog_Filter not found: check if there is a RefParameter without a condition.
2024-10-20 20:58:04,635 [WARN] IP:2119 - I2C_Coeff_DF not found: check if there is a RefParameter without a condition.
2024-10-20 20:58:04,635 [WARN] IP:2119 - Analog_Filter not found: check if there is a RefParameter without a condition.
2024-10-20 20:58:04,635 [WARN] IP:2119 - I2C_Coeff_DF not found: check if there is a RefParameter without a condition.
2024-10-20 20:58:04,635 [WARN] IP:2119 - Analog_Filter not found: check if there is a RefParameter without a condition.
2024-10-20 20:58:04,694 [WARN] IP:2119 - I2C_Coeff_DF not found: check if there is a RefParameter without a condition.
2024-10-20 20:58:04,694 [WARN] IP:2119 - Analog_Filter not found: check if there is a RefParameter without a condition.
2024-10-20 21:00:03,123 [INFO] NvicIntPanel:101 - NVIC parent = com.st.microxplorer.plugins.ip.nvic.MultiNvicIntPanel[,0,0,518x270,layout=javax.swing.BoxLayout,alignmentX=0.0,alignmentY=0.0,border=,flags=9,maximumSize=,minimumSize=,preferredSize=]
2024-10-20 21:01:11,963 [INFO] NvicIntPanel:101 - NVIC parent = com.st.microxplorer.plugins.ip.nvic.MultiNvicIntPanel[,0,0,0x0,invalid,layout=javax.swing.BoxLayout,alignmentX=0.0,alignmentY=0.0,border=,flags=9,maximumSize=,minimumSize=,preferredSize=]
2024-10-20 21:02:14,235 [WARN] IP:2119 - I2C_Coeff_DF not found: check if there is a RefParameter without a condition.
2024-10-20 21:02:14,235 [WARN] IP:2119 - Analog_Filter not found: check if there is a RefParameter without a condition.
2024-10-20 21:02:14,243 [WARN] IP:2119 - I2C_Coeff_DF not found: check if there is a RefParameter without a condition.
2024-10-20 21:02:14,243 [WARN] IP:2119 - Analog_Filter not found: check if there is a RefParameter without a condition.
2024-10-20 21:02:14,243 [WARN] IP:2119 - I2C_Coeff_DF not found: check if there is a RefParameter without a condition.
2024-10-20 21:02:14,243 [WARN] IP:2119 - Analog_Filter not found: check if there is a RefParameter without a condition.
2024-10-20 21:02:14,270 [WARN] IP:2119 - I2C_Coeff_DF not found: check if there is a RefParameter without a condition.
2024-10-20 21:02:14,270 [WARN] IP:2119 - Analog_Filter not found: check if there is a RefParameter without a condition.
2024-10-20 21:02:14,270 [WARN] IP:2119 - I2C_Coeff_DF not found: check if there is a RefParameter without a condition.
2024-10-20 21:02:14,270 [WARN] IP:2119 - Analog_Filter not found: check if there is a RefParameter without a condition.
2024-10-20 21:03:47,643 [WARN] IP:2119 - I2C_Coeff_DF not found: check if there is a RefParameter without a condition.
2024-10-20 21:03:47,644 [WARN] IP:2119 - Analog_Filter not found: check if there is a RefParameter without a condition.
2024-10-20 21:03:47,652 [WARN] IP:2119 - I2C_Coeff_DF not found: check if there is a RefParameter without a condition.
2024-10-20 21:03:47,652 [WARN] IP:2119 - Analog_Filter not found: check if there is a RefParameter without a condition.
2024-10-20 21:03:47,652 [WARN] IP:2119 - I2C_Coeff_DF not found: check if there is a RefParameter without a condition.
2024-10-20 21:03:47,652 [WARN] IP:2119 - Analog_Filter not found: check if there is a RefParameter without a condition.
2024-10-20 21:03:47,678 [WARN] IP:2119 - I2C_Coeff_DF not found: check if there is a RefParameter without a condition.
2024-10-20 21:03:47,678 [WARN] IP:2119 - Analog_Filter not found: check if there is a RefParameter without a condition.
2024-10-20 21:03:47,679 [WARN] IP:2119 - I2C_Coeff_DF not found: check if there is a RefParameter without a condition.
2024-10-20 21:03:47,679 [WARN] IP:2119 - Analog_Filter not found: check if there is a RefParameter without a condition.
2024-10-20 21:04:19,308 [WARN] IP:2119 - I2C_Coeff_DF not found: check if there is a RefParameter without a condition.
2024-10-20 21:04:19,308 [WARN] IP:2119 - Analog_Filter not found: check if there is a RefParameter without a condition.
2024-10-20 21:04:19,308 [WARN] IP:2119 - I2C_Coeff_DF not found: check if there is a RefParameter without a condition.
2024-10-20 21:04:19,308 [WARN] IP:2119 - Analog_Filter not found: check if there is a RefParameter without a condition.
2024-10-20 21:04:19,361 [WARN] IP:2119 - I2C_Coeff_DF not found: check if there is a RefParameter without a condition.
2024-10-20 21:04:19,361 [WARN] IP:2119 - Analog_Filter not found: check if there is a RefParameter without a condition.
2024-10-20 21:05:51,201 [WARN] IP:2119 - I2C_Coeff_DF not found: check if there is a RefParameter without a condition.
2024-10-20 21:05:51,201 [WARN] IP:2119 - Analog_Filter not found: check if there is a RefParameter without a condition.
2024-10-20 21:05:51,201 [WARN] IP:2119 - I2C_Coeff_DF not found: check if there is a RefParameter without a condition.
2024-10-20 21:05:51,201 [WARN] IP:2119 - Analog_Filter not found: check if there is a RefParameter without a condition.
2024-10-20 21:05:51,234 [WARN] IP:2119 - I2C_Coeff_DF not found: check if there is a RefParameter without a condition.
2024-10-20 21:05:51,234 [WARN] IP:2119 - Analog_Filter not found: check if there is a RefParameter without a condition.
2024-10-20 21:06:31,951 [WARN] IP:2119 - I2C_Coeff_DF not found: check if there is a RefParameter without a condition.
2024-10-20 21:06:31,952 [WARN] IP:2119 - Analog_Filter not found: check if there is a RefParameter without a condition.
2024-10-20 21:06:32,500 [WARN] IP:2119 - I2C_Coeff_DF not found: check if there is a RefParameter without a condition.
2024-10-20 21:06:32,500 [WARN] IP:2119 - Analog_Filter not found: check if there is a RefParameter without a condition.
2024-10-20 21:06:32,502 [WARN] IP:2119 - I2C_Coeff_DF not found: check if there is a RefParameter without a condition.
2024-10-20 21:06:32,502 [WARN] IP:2119 - Analog_Filter not found: check if there is a RefParameter without a condition.
2024-10-20 21:06:32,506 [WARN] IP:2119 - I2C_Coeff_DF not found: check if there is a RefParameter without a condition.
2024-10-20 21:06:32,506 [WARN] IP:2119 - Analog_Filter not found: check if there is a RefParameter without a condition.
2024-10-20 21:06:32,523 [WARN] IP:2119 - I2C_Coeff_DF not found: check if there is a RefParameter without a condition.
2024-10-20 21:06:32,523 [WARN] IP:2119 - Analog_Filter not found: check if there is a RefParameter without a condition.
2024-10-20 21:06:32,524 [WARN] IP:2119 - I2C_Coeff_DF not found: check if there is a RefParameter without a condition.
2024-10-20 21:06:32,524 [WARN] IP:2119 - Analog_Filter not found: check if there is a RefParameter without a condition.
2024-10-20 21:06:35,809 [INFO] NvicIntPanel:101 - NVIC parent = com.st.microxplorer.plugins.ip.nvic.MultiNvicIntPanel[,0,0,518x270,layout=javax.swing.BoxLayout,alignmentX=0.0,alignmentY=0.0,border=,flags=9,maximumSize=,minimumSize=,preferredSize=]
2024-10-20 21:07:47,240 [WARN] IP:2119 - I2C_Coeff_DF not found: check if there is a RefParameter without a condition.
2024-10-20 21:07:47,241 [WARN] IP:2119 - Analog_Filter not found: check if there is a RefParameter without a condition.
2024-10-20 21:07:47,241 [WARN] IP:2119 - I2C_Coeff_DF not found: check if there is a RefParameter without a condition.
2024-10-20 21:07:47,241 [WARN] IP:2119 - Analog_Filter not found: check if there is a RefParameter without a condition.
2024-10-20 21:07:47,242 [WARN] IP:2119 - I2C_Coeff_DF not found: check if there is a RefParameter without a condition.
2024-10-20 21:07:47,242 [WARN] IP:2119 - Analog_Filter not found: check if there is a RefParameter without a condition.
2024-10-20 21:07:47,242 [WARN] IP:2119 - I2C_Coeff_DF not found: check if there is a RefParameter without a condition.
2024-10-20 21:07:47,242 [WARN] IP:2119 - Analog_Filter not found: check if there is a RefParameter without a condition.
2024-10-20 21:07:47,251 [WARN] IP:2119 - I2C_Coeff_DF not found: check if there is a RefParameter without a condition.
2024-10-20 21:07:47,251 [WARN] IP:2119 - Analog_Filter not found: check if there is a RefParameter without a condition.
2024-10-20 21:07:47,252 [WARN] IP:2119 - I2C_Coeff_DF not found: check if there is a RefParameter without a condition.
2024-10-20 21:07:47,252 [WARN] IP:2119 - Analog_Filter not found: check if there is a RefParameter without a condition.
2024-10-20 21:07:47,261 [WARN] IP:2119 - I2C_Coeff_DF not found: check if there is a RefParameter without a condition.
2024-10-20 21:07:47,261 [WARN] IP:2119 - Analog_Filter not found: check if there is a RefParameter without a condition.
2024-10-20 21:07:47,261 [WARN] IP:2119 - I2C_Coeff_DF not found: check if there is a RefParameter without a condition.
2024-10-20 21:07:47,261 [WARN] IP:2119 - Analog_Filter not found: check if there is a RefParameter without a condition.
2024-10-20 21:07:52,783 [WARN] IP:2119 - I2C_Coeff_DF not found: check if there is a RefParameter without a condition.
2024-10-20 21:07:52,783 [WARN] IP:2119 - Analog_Filter not found: check if there is a RefParameter without a condition.
2024-10-20 21:07:52,783 [WARN] IP:2119 - I2C_Coeff_DF not found: check if there is a RefParameter without a condition.
2024-10-20 21:07:52,783 [WARN] IP:2119 - Analog_Filter not found: check if there is a RefParameter without a condition.
2024-10-20 21:07:52,835 [WARN] IP:2119 - I2C_Coeff_DF not found: check if there is a RefParameter without a condition.
2024-10-20 21:07:52,835 [WARN] IP:2119 - Analog_Filter not found: check if there is a RefParameter without a condition.
2024-10-20 21:13:23,001 [WARN] IP:2119 - I2C_Coeff_DF not found: check if there is a RefParameter without a condition.
2024-10-20 21:13:23,001 [WARN] IP:2119 - Analog_Filter not found: check if there is a RefParameter without a condition.
2024-10-20 21:13:23,001 [WARN] IP:2119 - I2C_Coeff_DF not found: check if there is a RefParameter without a condition.
2024-10-20 21:13:23,001 [WARN] IP:2119 - Analog_Filter not found: check if there is a RefParameter without a condition.
2024-10-20 21:13:23,002 [WARN] IP:2119 - I2C_Coeff_DF not found: check if there is a RefParameter without a condition.
2024-10-20 21:13:23,002 [WARN] IP:2119 - Analog_Filter not found: check if there is a RefParameter without a condition.
2024-10-20 21:13:23,002 [WARN] IP:2119 - I2C_Coeff_DF not found: check if there is a RefParameter without a condition.
2024-10-20 21:13:23,002 [WARN] IP:2119 - Analog_Filter not found: check if there is a RefParameter without a condition.
2024-10-20 21:13:23,003 [WARN] IP:2119 - I2C_Coeff_DF not found: check if there is a RefParameter without a condition.
2024-10-20 21:13:23,003 [WARN] IP:2119 - Analog_Filter not found: check if there is a RefParameter without a condition.
2024-10-20 21:13:23,003 [WARN] IP:2119 - I2C_Coeff_DF not found: check if there is a RefParameter without a condition.
2024-10-20 21:13:23,003 [WARN] IP:2119 - Analog_Filter not found: check if there is a RefParameter without a condition.
2024-10-20 21:13:23,011 [WARN] IP:2119 - I2C_Coeff_DF not found: check if there is a RefParameter without a condition.
2024-10-20 21:13:23,011 [WARN] IP:2119 - Analog_Filter not found: check if there is a RefParameter without a condition.
2024-10-20 21:13:23,012 [WARN] IP:2119 - I2C_Coeff_DF not found: check if there is a RefParameter without a condition.
2024-10-20 21:13:23,012 [WARN] IP:2119 - Analog_Filter not found: check if there is a RefParameter without a condition.
2024-10-20 21:13:23,013 [WARN] IP:2119 - I2C_Coeff_DF not found: check if there is a RefParameter without a condition.
2024-10-20 21:13:23,013 [WARN] IP:2119 - Analog_Filter not found: check if there is a RefParameter without a condition.
2024-10-20 21:13:23,022 [WARN] IP:2119 - I2C_Coeff_DF not found: check if there is a RefParameter without a condition.
2024-10-20 21:13:23,022 [WARN] IP:2119 - Analog_Filter not found: check if there is a RefParameter without a condition.
2024-10-20 21:13:23,022 [WARN] IP:2119 - I2C_Coeff_DF not found: check if there is a RefParameter without a condition.
2024-10-20 21:13:23,022 [WARN] IP:2119 - Analog_Filter not found: check if there is a RefParameter without a condition.
2024-10-20 21:13:23,023 [WARN] IP:2119 - I2C_Coeff_DF not found: check if there is a RefParameter without a condition.
2024-10-20 21:13:23,023 [WARN] IP:2119 - Analog_Filter not found: check if there is a RefParameter without a condition.
2024-10-20 21:16:27,892 [WARN] IP:2119 - I2C_Coeff_DF not found: check if there is a RefParameter without a condition.
2024-10-20 21:16:27,892 [WARN] IP:2119 - Analog_Filter not found: check if there is a RefParameter without a condition.
2024-10-20 21:16:27,892 [WARN] IP:2119 - I2C_Coeff_DF not found: check if there is a RefParameter without a condition.
2024-10-20 21:16:27,892 [WARN] IP:2119 - Analog_Filter not found: check if there is a RefParameter without a condition.
2024-10-20 21:16:27,893 [WARN] IP:2119 - I2C_Coeff_DF not found: check if there is a RefParameter without a condition.
2024-10-20 21:16:27,893 [WARN] IP:2119 - Analog_Filter not found: check if there is a RefParameter without a condition.
2024-10-20 21:16:27,893 [WARN] IP:2119 - I2C_Coeff_DF not found: check if there is a RefParameter without a condition.
2024-10-20 21:16:27,893 [WARN] IP:2119 - Analog_Filter not found: check if there is a RefParameter without a condition.
2024-10-20 21:16:27,894 [WARN] IP:2119 - I2C_Coeff_DF not found: check if there is a RefParameter without a condition.
2024-10-20 21:16:27,894 [WARN] IP:2119 - Analog_Filter not found: check if there is a RefParameter without a condition.
2024-10-20 21:16:27,894 [WARN] IP:2119 - I2C_Coeff_DF not found: check if there is a RefParameter without a condition.
2024-10-20 21:16:27,894 [WARN] IP:2119 - Analog_Filter not found: check if there is a RefParameter without a condition.
2024-10-20 21:16:27,904 [WARN] IP:2119 - I2C_Coeff_DF not found: check if there is a RefParameter without a condition.
2024-10-20 21:16:27,904 [WARN] IP:2119 - Analog_Filter not found: check if there is a RefParameter without a condition.
2024-10-20 21:16:27,905 [WARN] IP:2119 - I2C_Coeff_DF not found: check if there is a RefParameter without a condition.
2024-10-20 21:16:27,905 [WARN] IP:2119 - Analog_Filter not found: check if there is a RefParameter without a condition.
2024-10-20 21:16:27,906 [WARN] IP:2119 - I2C_Coeff_DF not found: check if there is a RefParameter without a condition.
2024-10-20 21:16:27,906 [WARN] IP:2119 - Analog_Filter not found: check if there is a RefParameter without a condition.
2024-10-20 21:16:27,916 [WARN] IP:2119 - I2C_Coeff_DF not found: check if there is a RefParameter without a condition.
2024-10-20 21:16:27,916 [WARN] IP:2119 - Analog_Filter not found: check if there is a RefParameter without a condition.
2024-10-20 21:16:27,917 [WARN] IP:2119 - I2C_Coeff_DF not found: check if there is a RefParameter without a condition.
2024-10-20 21:16:27,917 [WARN] IP:2119 - Analog_Filter not found: check if there is a RefParameter without a condition.
2024-10-20 21:16:27,918 [WARN] IP:2119 - I2C_Coeff_DF not found: check if there is a RefParameter without a condition.
2024-10-20 21:16:27,918 [WARN] IP:2119 - Analog_Filter not found: check if there is a RefParameter without a condition.
2024-10-20 21:21:48,951 [WARN] IP:2119 - I2C_Coeff_DF not found: check if there is a RefParameter without a condition.
2024-10-20 21:21:48,951 [WARN] IP:2119 - Analog_Filter not found: check if there is a RefParameter without a condition.
2024-10-20 21:21:48,951 [WARN] IP:2119 - I2C_Coeff_DF not found: check if there is a RefParameter without a condition.
2024-10-20 21:21:48,951 [WARN] IP:2119 - Analog_Filter not found: check if there is a RefParameter without a condition.
2024-10-20 21:21:48,952 [WARN] IP:2119 - I2C_Coeff_DF not found: check if there is a RefParameter without a condition.
2024-10-20 21:21:48,952 [WARN] IP:2119 - Analog_Filter not found: check if there is a RefParameter without a condition.
2024-10-20 21:21:48,952 [WARN] IP:2119 - I2C_Coeff_DF not found: check if there is a RefParameter without a condition.
2024-10-20 21:21:48,952 [WARN] IP:2119 - Analog_Filter not found: check if there is a RefParameter without a condition.
2024-10-20 21:21:48,952 [WARN] IP:2119 - I2C_Coeff_DF not found: check if there is a RefParameter without a condition.
2024-10-20 21:21:48,952 [WARN] IP:2119 - Analog_Filter not found: check if there is a RefParameter without a condition.
2024-10-20 21:21:48,953 [WARN] IP:2119 - I2C_Coeff_DF not found: check if there is a RefParameter without a condition.
2024-10-20 21:21:48,953 [WARN] IP:2119 - Analog_Filter not found: check if there is a RefParameter without a condition.
2024-10-20 21:21:48,963 [WARN] IP:2119 - I2C_Coeff_DF not found: check if there is a RefParameter without a condition.
2024-10-20 21:21:48,963 [WARN] IP:2119 - Analog_Filter not found: check if there is a RefParameter without a condition.
2024-10-20 21:21:48,964 [WARN] IP:2119 - I2C_Coeff_DF not found: check if there is a RefParameter without a condition.
2024-10-20 21:21:48,964 [WARN] IP:2119 - Analog_Filter not found: check if there is a RefParameter without a condition.
2024-10-20 21:21:48,964 [WARN] IP:2119 - I2C_Coeff_DF not found: check if there is a RefParameter without a condition.
2024-10-20 21:21:48,964 [WARN] IP:2119 - Analog_Filter not found: check if there is a RefParameter without a condition.
2024-10-20 21:21:48,976 [WARN] IP:2119 - I2C_Coeff_DF not found: check if there is a RefParameter without a condition.
2024-10-20 21:21:48,976 [WARN] IP:2119 - Analog_Filter not found: check if there is a RefParameter without a condition.
2024-10-20 21:21:48,976 [WARN] IP:2119 - I2C_Coeff_DF not found: check if there is a RefParameter without a condition.
2024-10-20 21:21:48,976 [WARN] IP:2119 - Analog_Filter not found: check if there is a RefParameter without a condition.
2024-10-20 21:21:48,977 [WARN] IP:2119 - I2C_Coeff_DF not found: check if there is a RefParameter without a condition.
2024-10-20 21:21:48,977 [WARN] IP:2119 - Analog_Filter not found: check if there is a RefParameter without a condition.
2024-10-20 21:22:11,517 [WARN] IP:2119 - I2C_Coeff_DF not found: check if there is a RefParameter without a condition.
2024-10-20 21:22:11,517 [WARN] IP:2119 - Analog_Filter not found: check if there is a RefParameter without a condition.
2024-10-20 21:22:11,517 [WARN] IP:2119 - I2C_Coeff_DF not found: check if there is a RefParameter without a condition.
2024-10-20 21:22:11,517 [WARN] IP:2119 - Analog_Filter not found: check if there is a RefParameter without a condition.
2024-10-20 21:22:11,518 [WARN] IP:2119 - I2C_Coeff_DF not found: check if there is a RefParameter without a condition.
2024-10-20 21:22:11,518 [WARN] IP:2119 - Analog_Filter not found: check if there is a RefParameter without a condition.
2024-10-20 21:22:11,518 [WARN] IP:2119 - I2C_Coeff_DF not found: check if there is a RefParameter without a condition.
2024-10-20 21:22:11,518 [WARN] IP:2119 - Analog_Filter not found: check if there is a RefParameter without a condition.
2024-10-20 21:22:11,519 [WARN] IP:2119 - I2C_Coeff_DF not found: check if there is a RefParameter without a condition.
2024-10-20 21:22:11,519 [WARN] IP:2119 - Analog_Filter not found: check if there is a RefParameter without a condition.
2024-10-20 21:22:11,519 [WARN] IP:2119 - I2C_Coeff_DF not found: check if there is a RefParameter without a condition.
2024-10-20 21:22:11,519 [WARN] IP:2119 - Analog_Filter not found: check if there is a RefParameter without a condition.
2024-10-20 21:22:11,531 [WARN] IP:2119 - I2C_Coeff_DF not found: check if there is a RefParameter without a condition.
2024-10-20 21:22:11,531 [WARN] IP:2119 - Analog_Filter not found: check if there is a RefParameter without a condition.
2024-10-20 21:22:11,531 [WARN] IP:2119 - I2C_Coeff_DF not found: check if there is a RefParameter without a condition.
2024-10-20 21:22:11,531 [WARN] IP:2119 - Analog_Filter not found: check if there is a RefParameter without a condition.
2024-10-20 21:22:11,532 [WARN] IP:2119 - I2C_Coeff_DF not found: check if there is a RefParameter without a condition.
2024-10-20 21:22:11,532 [WARN] IP:2119 - Analog_Filter not found: check if there is a RefParameter without a condition.
2024-10-20 21:22:11,542 [WARN] IP:2119 - I2C_Coeff_DF not found: check if there is a RefParameter without a condition.
2024-10-20 21:22:11,542 [WARN] IP:2119 - Analog_Filter not found: check if there is a RefParameter without a condition.
2024-10-20 21:22:11,543 [WARN] IP:2119 - I2C_Coeff_DF not found: check if there is a RefParameter without a condition.
2024-10-20 21:22:11,543 [WARN] IP:2119 - Analog_Filter not found: check if there is a RefParameter without a condition.
2024-10-20 21:22:11,543 [WARN] IP:2119 - I2C_Coeff_DF not found: check if there is a RefParameter without a condition.
2024-10-20 21:22:11,543 [WARN] IP:2119 - Analog_Filter not found: check if there is a RefParameter without a condition.
2024-10-20 21:23:04,047 [INFO] ParamManager:896 - [Generic UI] PropertyChangeEvent: TAB_STATUS_CHANGED , "dont care", "never mind"
2024-10-20 21:23:04,121 [INFO] ParamManager:896 - [Generic UI] PropertyChangeEvent: TAB_STATUS_CHANGED , "dont care", "never mind"
2024-10-20 21:23:04,136 [INFO] NvicIntPanel:101 - NVIC parent = com.st.microxplorer.plugins.ip.nvic.MultiNvicIntPanel[,0,0,0x0,invalid,layout=javax.swing.BoxLayout,alignmentX=0.0,alignmentY=0.0,border=,flags=9,maximumSize=,minimumSize=,preferredSize=]
2024-10-20 21:23:04,194 [INFO] NvicIntPanel:101 - NVIC parent = com.st.microxplorer.plugins.ip.nvic.MultiNvicIntPanel[,0,0,0x0,invalid,layout=javax.swing.BoxLayout,alignmentX=0.0,alignmentY=0.0,border=,flags=9,maximumSize=,minimumSize=,preferredSize=]
2024-10-20 21:25:17,711 [INFO] UtilMem:75 - End SaveConfig() Used Memory: 798172456 Bytes (1073741824)
2024-10-20 21:25:18,764 [INFO] UtilMem:75 - End SaveConfig() Used Memory: 815998248 Bytes (1073741824)
2024-10-20 21:25:20,765 [INFO] UtilMem:75 - End SaveConfig() Used Memory: 951015720 Bytes (1073741824)
2024-10-20 21:25:21,109 [INFO] BlockDiagram:2759 - set Specific Code input for plugin: SPI
2024-10-20 21:25:21,109 [INFO] BlockDiagram:2759 - set Specific Code input for plugin: SPI
2024-10-20 21:25:21,109 [INFO] BlockDiagram:2759 - set Specific Code input for plugin: SPI
2024-10-20 21:25:21,109 [INFO] BlockDiagram:2759 - set Specific Code input for plugin: NVIC
2024-10-20 21:25:21,109 [INFO] BlockDiagram:2759 - set Specific Code input for plugin: USART
2024-10-20 21:25:21,109 [INFO] BlockDiagram:2759 - set Specific Code input for plugin: USART
2024-10-20 21:25:21,109 [INFO] BlockDiagram:2759 - set Specific Code input for plugin: SYS
2024-10-20 21:25:21,109 [INFO] BlockDiagram:2759 - set Specific Code input for plugin: GPIO
2024-10-20 21:25:21,109 [INFO] BlockDiagram:2759 - set Specific Code input for plugin: ADC
2024-10-20 21:25:21,109 [INFO] BlockDiagram:2759 - set Specific Code input for plugin: RCC
2024-10-20 21:25:21,109 [INFO] BlockDiagram:2759 - set Specific Code input for plugin: I2C
2024-10-20 21:25:21,109 [INFO] BlockDiagram:2759 - set Specific Code input for plugin: I2C
2024-10-20 21:25:21,109 [INFO] BlockDiagram:2759 - set Specific Code input for plugin: I2C
2024-10-20 21:25:21,111 [INFO] CodeGenerator:807 - code generatio: config db path: C:\ST\STM32CubeIDE_1.14.0\STM32CubeIDE\plugins\com.st.stm32cube.common.mx_6.10.0.202311202037\\db\
2024-10-20 21:25:21,123 [WARN] IP:2119 - I2C_Coeff_DF not found: check if there is a RefParameter without a condition.
2024-10-20 21:25:21,123 [WARN] IP:2119 - Analog_Filter not found: check if there is a RefParameter without a condition.
2024-10-20 21:25:21,123 [WARN] IP:2119 - I2C_Coeff_DF not found: check if there is a RefParameter without a condition.
2024-10-20 21:25:21,123 [WARN] IP:2119 - Analog_Filter not found: check if there is a RefParameter without a condition.
2024-10-20 21:25:21,124 [WARN] IP:2119 - I2C_Coeff_DF not found: check if there is a RefParameter without a condition.
2024-10-20 21:25:21,124 [WARN] IP:2119 - Analog_Filter not found: check if there is a RefParameter without a condition.
2024-10-20 21:25:21,362 [INFO] CodeEngine:255 - oldGeneratedFile, C:\Users\Chris\Documents\UMG-RFC\RFC_V1\MXTmpFiles\license.tmp_save
2024-10-20 21:25:21,725 [INFO] CodeEngine:279 - Generated code: C:\Users\Chris\Documents\UMG-RFC\RFC_V1\MXTmpFiles\license.tmp
2024-10-20 21:25:21,808 [INFO] CodeEngine:255 - oldGeneratedFile, C:\Users\Chris\Documents\UMG-RFC\RFC_V1\MXTmpFiles\gpio.tmp_save
2024-10-20 21:25:21,943 [INFO] CodeEngine:279 - Generated code: C:\Users\Chris\Documents\UMG-RFC\RFC_V1\MXTmpFiles\gpio.tmp
2024-10-20 21:25:22,299 [INFO] CodeEngine:255 - oldGeneratedFile, C:\Users\Chris\Documents\UMG-RFC\RFC_V1\Core\Src\stm32f4xx_it.c_save
2024-10-20 21:25:22,396 [INFO] CodeEngine:279 - Generated code: C:\Users\Chris\Documents\UMG-RFC\RFC_V1\Core\Src\stm32f4xx_it.c
2024-10-20 21:25:22,414 [INFO] CodeEngine:255 - oldGeneratedFile, C:\Users\Chris\Documents\UMG-RFC\RFC_V1\Core\Inc\stm32f4xx_it.h_save
2024-10-20 21:25:22,470 [INFO] CodeEngine:279 - Generated code: C:\Users\Chris\Documents\UMG-RFC\RFC_V1\Core\Inc\stm32f4xx_it.h
2024-10-20 21:25:22,495 [INFO] CodeEngine:255 - oldGeneratedFile, C:\Users\Chris\Documents\UMG-RFC\RFC_V1\Core\Src\stm32f4xx_hal_msp.c_save
2024-10-20 21:25:22,627 [INFO] CodeEngine:279 - Generated code: C:\Users\Chris\Documents\UMG-RFC\RFC_V1\Core\Src\stm32f4xx_hal_msp.c
2024-10-20 21:25:22,643 [INFO] CodeEngine:255 - oldGeneratedFile, C:\Users\Chris\Documents\UMG-RFC\RFC_V1\MXTmpFiles\system.tmp_save
2024-10-20 21:25:22,693 [INFO] CodeEngine:279 - Generated code: C:\Users\Chris\Documents\UMG-RFC\RFC_V1\MXTmpFiles\system.tmp
2024-10-20 21:25:22,710 [INFO] CodeEngine:255 - oldGeneratedFile, C:\Users\Chris\Documents\UMG-RFC\RFC_V1\Core\Src\stm32f4xx_hal_timebase_tim.c_save
2024-10-20 21:25:22,768 [INFO] CodeEngine:279 - Generated code: C:\Users\Chris\Documents\UMG-RFC\RFC_V1\Core\Src\stm32f4xx_hal_timebase_tim.c
2024-10-20 21:25:22,792 [INFO] CodeEngine:311 - oldGeneratedFile, C:\Users\Chris\Documents\UMG-RFC\RFC_V1\Core\Inc\stm32f4xx_hal_conf.h_save
2024-10-20 21:25:22,862 [INFO] CodeEngine:335 - Generated code: C:\Users\Chris\Documents\UMG-RFC\RFC_V1\Core\Inc\stm32f4xx_hal_conf.h
2024-10-20 21:25:22,925 [INFO] CodeEngine:255 - oldGeneratedFile, C:\Users\Chris\Documents\UMG-RFC\RFC_V1\Core\Inc\main.h_save
2024-10-20 21:25:23,012 [INFO] CodeEngine:279 - Generated code: C:\Users\Chris\Documents\UMG-RFC\RFC_V1\Core\Inc\main.h
2024-10-20 21:25:23,031 [INFO] CodeEngine:255 - oldGeneratedFile, C:\Users\Chris\Documents\UMG-RFC\RFC_V1\Core\Src\main.c_save
2024-10-20 21:25:23,164 [INFO] CodeEngine:279 - Generated code: C:\Users\Chris\Documents\UMG-RFC\RFC_V1\Core\Src\main.c
2024-10-20 21:25:23,637 [INFO] ProjectBuilder:3076 - Time for Copy HAL[1] : 157mS.
2024-10-20 21:25:23,643 [INFO] ProjectBuilder:4485 - Project Generator version: 4.2.0-B44
2024-10-20 21:25:23,812 [INFO] ConfigFileManager:1495 - The Die is : DIE431
2024-10-20 21:25:23,828 [INFO] ApiDbMcu:508 - Load IP Config File for FATFS
2024-10-20 21:25:23,841 [INFO] ApiDbMcu:508 - Load IP Config File for FREERTOS
2024-10-20 21:25:23,853 [INFO] ApiDbMcu:508 - Load IP Config File for LIBJPEG
2024-10-20 21:25:23,869 [INFO] ApiDbMcu:508 - Load IP Config File for MBEDTLS
2024-10-20 21:25:23,890 [INFO] ApiDbMcu:508 - Load IP Config File for USB_DEVICE
2024-10-20 21:25:23,903 [INFO] ApiDbMcu:508 - Load IP Config File for USB_HOST
2024-10-20 21:25:24,640 [INFO] LogOutputStream:77 - [STDOUT_REDIRECT] 
2024-10-20 21:25:25,995 [INFO] ProjectBuilder:4747 - Time for Generating toolchain IDE Files: 2351mS.
2024-10-20 21:25:25,996 [INFO] ProjectBuilder:2947 - Time for Copy CMSIS : 1mS.
2024-10-20 21:25:26,000 [INFO] ProjectBuilder:2947 - Time for Copy CMSIS : 1mS.
